[2022-07-13 00:55:13,052] {taskinstance.py:1179} INFO - Dependencies all met for <TaskInstance: user_processing.create_table manual__2022-07-13T00:55:11.357468+00:00 [queued]>
[2022-07-13 00:55:13,066] {taskinstance.py:1179} INFO - Dependencies all met for <TaskInstance: user_processing.create_table manual__2022-07-13T00:55:11.357468+00:00 [queued]>
[2022-07-13 00:55:13,066] {taskinstance.py:1376} INFO - 
--------------------------------------------------------------------------------
[2022-07-13 00:55:13,067] {taskinstance.py:1377} INFO - Starting attempt 1 of 1
[2022-07-13 00:55:13,067] {taskinstance.py:1378} INFO - 
--------------------------------------------------------------------------------
[2022-07-13 00:55:13,089] {taskinstance.py:1397} INFO - Executing <Task(PostgresOperator): create_table> on 2022-07-13 00:55:11.357468+00:00
[2022-07-13 00:55:13,096] {standard_task_runner.py:52} INFO - Started process 10989 to run task
[2022-07-13 00:55:13,100] {standard_task_runner.py:79} INFO - Running: ['***', 'tasks', 'run', 'user_processing', 'create_table', 'manual__2022-07-13T00:55:11.357468+00:00', '--job-id', '14', '--raw', '--subdir', 'DAGS_FOLDER/user_processing.py', '--cfg-path', '/tmp/tmphxvxlwba', '--error-file', '/tmp/tmpz4xyfkop']
[2022-07-13 00:55:13,101] {standard_task_runner.py:80} INFO - Job 14: Subtask create_table
[2022-07-13 00:55:13,195] {task_command.py:371} INFO - Running <TaskInstance: user_processing.create_table manual__2022-07-13T00:55:11.357468+00:00 [running]> on host b0c7b58a654d
[2022-07-13 00:55:13,287] {taskinstance.py:1591} INFO - Exporting the following env vars:
AIRFLOW_CTX_DAG_OWNER=***
AIRFLOW_CTX_DAG_ID=user_processing
AIRFLOW_CTX_TASK_ID=create_table
AIRFLOW_CTX_EXECUTION_DATE=2022-07-13T00:55:11.357468+00:00
AIRFLOW_CTX_TRY_NUMBER=1
AIRFLOW_CTX_DAG_RUN_ID=manual__2022-07-13T00:55:11.357468+00:00
[2022-07-13 00:55:13,299] {base.py:68} INFO - Using connection ID 'postgres' for task execution.
[2022-07-13 00:55:13,304] {dbapi.py:231} INFO - Running statement: 
            CREATE TABLE IF NOT EXISTS users (
                firstname TEXT NOT NULL,
                lastname TEXT NOT NULL,
                country TEXT NOT NULL,
                username TEXT NOT NULL,
                password TEXT NOT NULL,
                email TEXT NOT NULL
            );
            , parameters: None
[2022-07-13 00:55:13,305] {postgres.py:94} INFO - NOTICE:  relation "users" already exists, skipping

[2022-07-13 00:55:13,321] {taskinstance.py:1420} INFO - Marking task as SUCCESS. dag_id=user_processing, task_id=create_table, execution_date=20220713T005511, start_date=20220713T005513, end_date=20220713T005513
[2022-07-13 00:55:13,367] {local_task_job.py:156} INFO - Task exited with return code 0
[2022-07-13 00:55:13,422] {local_task_job.py:273} INFO - 1 downstream tasks scheduled from follow-on schedule check
