[2022-07-13 00:55:17,128] {taskinstance.py:1179} INFO - Dependencies all met for <TaskInstance: user_processing.extract_user manual__2022-07-13T00:55:11.357468+00:00 [queued]>
[2022-07-13 00:55:17,145] {taskinstance.py:1179} INFO - Dependencies all met for <TaskInstance: user_processing.extract_user manual__2022-07-13T00:55:11.357468+00:00 [queued]>
[2022-07-13 00:55:17,146] {taskinstance.py:1376} INFO - 
--------------------------------------------------------------------------------
[2022-07-13 00:55:17,146] {taskinstance.py:1377} INFO - Starting attempt 1 of 1
[2022-07-13 00:55:17,146] {taskinstance.py:1378} INFO - 
--------------------------------------------------------------------------------
[2022-07-13 00:55:17,167] {taskinstance.py:1397} INFO - Executing <Task(SimpleHttpOperator): extract_user> on 2022-07-13 00:55:11.357468+00:00
[2022-07-13 00:55:17,173] {standard_task_runner.py:52} INFO - Started process 10995 to run task
[2022-07-13 00:55:17,178] {standard_task_runner.py:79} INFO - Running: ['***', 'tasks', 'run', 'user_processing', 'extract_user', 'manual__2022-07-13T00:55:11.357468+00:00', '--job-id', '16', '--raw', '--subdir', 'DAGS_FOLDER/user_processing.py', '--cfg-path', '/tmp/tmpab_001ge', '--error-file', '/tmp/tmp350e5ua0']
[2022-07-13 00:55:17,180] {standard_task_runner.py:80} INFO - Job 16: Subtask extract_user
[2022-07-13 00:55:17,274] {task_command.py:371} INFO - Running <TaskInstance: user_processing.extract_user manual__2022-07-13T00:55:11.357468+00:00 [running]> on host b0c7b58a654d
[2022-07-13 00:55:17,363] {taskinstance.py:1591} INFO - Exporting the following env vars:
AIRFLOW_CTX_DAG_OWNER=***
AIRFLOW_CTX_DAG_ID=user_processing
AIRFLOW_CTX_TASK_ID=extract_user
AIRFLOW_CTX_EXECUTION_DATE=2022-07-13T00:55:11.357468+00:00
AIRFLOW_CTX_TRY_NUMBER=1
AIRFLOW_CTX_DAG_RUN_ID=manual__2022-07-13T00:55:11.357468+00:00
[2022-07-13 00:55:17,364] {http.py:102} INFO - Calling HTTP method
[2022-07-13 00:55:17,374] {base.py:68} INFO - Using connection ID 'user_api' for task execution.
[2022-07-13 00:55:17,377] {http.py:129} INFO - Sending 'GET' to url: https://randomuser.me/api/
[2022-07-13 00:55:17,919] {http.py:106} INFO - {"results":[{"gender":"female","name":{"title":"Miss","first":"Susie","last":"Vargas"},"location":{"street":{"number":7699,"name":"King Street"},"city":"Nottingham","state":"Suffolk","country":"United Kingdom","postcode":"VJ0 0XY","coordinates":{"latitude":"-10.4075","longitude":"158.0589"},"timezone":{"offset":"+6:00","description":"Almaty, Dhaka, Colombo"}},"email":"susie.vargas@example.com","login":{"uuid":"ee1cc49d-9785-4145-8e81-2c07036554bc","username":"beautifulcat822","password":"lovely","salt":"DIugsta5","md5":"31f88fcfce2ea02c5565d40188f3b608","sha1":"54a74b7c79187546a807cf7e1829fb67ea6fd78a","sha256":"8cd90767f458ae8e910345fa72b9b2a4a8ac897c63a0838eb88a4e7266a404e7"},"dob":{"date":"1946-10-25T23:10:04.552Z","age":75},"registered":{"date":"2012-04-13T15:59:51.531Z","age":10},"phone":"015394 44482","cell":"07336 534833","id":{"name":"NINO","value":"CM 63 06 46 Y"},"picture":{"large":"https://randomuser.me/api/portraits/women/2.jpg","medium":"https://randomuser.me/api/portraits/med/women/2.jpg","thumbnail":"https://randomuser.me/api/portraits/thumb/women/2.jpg"},"nat":"GB"}],"info":{"seed":"f0f1d580020eeda7","results":1,"page":1,"version":"1.4"}}
[2022-07-13 00:55:17,967] {taskinstance.py:1420} INFO - Marking task as SUCCESS. dag_id=user_processing, task_id=extract_user, execution_date=20220713T005511, start_date=20220713T005517, end_date=20220713T005517
[2022-07-13 00:55:17,993] {local_task_job.py:156} INFO - Task exited with return code 0
[2022-07-13 00:55:18,079] {local_task_job.py:273} INFO - 1 downstream tasks scheduled from follow-on schedule check
