[2022-07-14 00:00:21,632] {processor.py:153} INFO - Started process (PID=17722) to work on /home/airflow/.local/lib/python3.7/site-packages/airflow/example_dags/example_sla_dag.py
[2022-07-14 00:00:21,633] {processor.py:641} INFO - Processing file /home/airflow/.local/lib/python3.7/site-packages/airflow/example_dags/example_sla_dag.py for tasks to queue
[2022-07-14 00:00:21,633] {logging_mixin.py:115} INFO - [2022-07-14 00:00:21,633] {dagbag.py:508} INFO - Filling up the DagBag from /home/airflow/.local/lib/python3.7/site-packages/airflow/example_dags/example_sla_dag.py
[2022-07-14 00:00:21,660] {processor.py:651} INFO - DAG(s) dict_keys(['example_sla_dag']) retrieved from /home/airflow/.local/lib/python3.7/site-packages/airflow/example_dags/example_sla_dag.py
[2022-07-14 00:00:21,684] {logging_mixin.py:115} INFO - [2022-07-14 00:00:21,684] {dag.py:2420} INFO - Sync 1 DAGs
[2022-07-14 00:00:21,712] {logging_mixin.py:115} INFO - [2022-07-14 00:00:21,712] {dag.py:2972} INFO - Setting next_dagrun for example_sla_dag to 2022-07-13T23:58:00+00:00, run_after=2022-07-14T00:00:00+00:00
[2022-07-14 00:00:21,736] {processor.py:161} INFO - Processing /home/airflow/.local/lib/python3.7/site-packages/airflow/example_dags/example_sla_dag.py took 0.115 seconds
[2022-07-14 00:00:51,782] {processor.py:153} INFO - Started process (PID=17783) to work on /home/airflow/.local/lib/python3.7/site-packages/airflow/example_dags/example_sla_dag.py
[2022-07-14 00:00:51,792] {processor.py:641} INFO - Processing file /home/airflow/.local/lib/python3.7/site-packages/airflow/example_dags/example_sla_dag.py for tasks to queue
[2022-07-14 00:00:51,792] {logging_mixin.py:115} INFO - [2022-07-14 00:00:51,792] {dagbag.py:508} INFO - Filling up the DagBag from /home/airflow/.local/lib/python3.7/site-packages/airflow/example_dags/example_sla_dag.py
[2022-07-14 00:00:51,815] {processor.py:651} INFO - DAG(s) dict_keys(['example_sla_dag']) retrieved from /home/airflow/.local/lib/python3.7/site-packages/airflow/example_dags/example_sla_dag.py
[2022-07-14 00:00:51,846] {logging_mixin.py:115} INFO - [2022-07-14 00:00:51,846] {dag.py:2420} INFO - Sync 1 DAGs
[2022-07-14 00:00:51,888] {logging_mixin.py:115} INFO - [2022-07-14 00:00:51,888] {dag.py:2972} INFO - Setting next_dagrun for example_sla_dag to 2022-07-13T23:58:00+00:00, run_after=2022-07-14T00:00:00+00:00
[2022-07-14 00:00:51,918] {processor.py:161} INFO - Processing /home/airflow/.local/lib/python3.7/site-packages/airflow/example_dags/example_sla_dag.py took 0.140 seconds
[2022-07-14 00:01:21,944] {processor.py:153} INFO - Started process (PID=17838) to work on /home/airflow/.local/lib/python3.7/site-packages/airflow/example_dags/example_sla_dag.py
[2022-07-14 00:01:21,954] {processor.py:641} INFO - Processing file /home/airflow/.local/lib/python3.7/site-packages/airflow/example_dags/example_sla_dag.py for tasks to queue
[2022-07-14 00:01:21,955] {logging_mixin.py:115} INFO - [2022-07-14 00:01:21,954] {dagbag.py:508} INFO - Filling up the DagBag from /home/airflow/.local/lib/python3.7/site-packages/airflow/example_dags/example_sla_dag.py
[2022-07-14 00:01:21,977] {processor.py:651} INFO - DAG(s) dict_keys(['example_sla_dag']) retrieved from /home/airflow/.local/lib/python3.7/site-packages/airflow/example_dags/example_sla_dag.py
[2022-07-14 00:01:22,006] {logging_mixin.py:115} INFO - [2022-07-14 00:01:22,006] {dag.py:2420} INFO - Sync 1 DAGs
[2022-07-14 00:01:22,033] {logging_mixin.py:115} INFO - [2022-07-14 00:01:22,033] {dag.py:2972} INFO - Setting next_dagrun for example_sla_dag to 2022-07-13T23:58:00+00:00, run_after=2022-07-14T00:00:00+00:00
[2022-07-14 00:01:22,046] {processor.py:161} INFO - Processing /home/airflow/.local/lib/python3.7/site-packages/airflow/example_dags/example_sla_dag.py took 0.107 seconds
[2022-07-14 00:01:52,074] {processor.py:153} INFO - Started process (PID=17900) to work on /home/airflow/.local/lib/python3.7/site-packages/airflow/example_dags/example_sla_dag.py
[2022-07-14 00:01:52,075] {processor.py:641} INFO - Processing file /home/airflow/.local/lib/python3.7/site-packages/airflow/example_dags/example_sla_dag.py for tasks to queue
[2022-07-14 00:01:52,075] {logging_mixin.py:115} INFO - [2022-07-14 00:01:52,075] {dagbag.py:508} INFO - Filling up the DagBag from /home/airflow/.local/lib/python3.7/site-packages/airflow/example_dags/example_sla_dag.py
[2022-07-14 00:01:52,096] {processor.py:651} INFO - DAG(s) dict_keys(['example_sla_dag']) retrieved from /home/airflow/.local/lib/python3.7/site-packages/airflow/example_dags/example_sla_dag.py
[2022-07-14 00:01:52,135] {logging_mixin.py:115} INFO - [2022-07-14 00:01:52,135] {dag.py:2420} INFO - Sync 1 DAGs
[2022-07-14 00:01:52,166] {logging_mixin.py:115} INFO - [2022-07-14 00:01:52,166] {dag.py:2972} INFO - Setting next_dagrun for example_sla_dag to 2022-07-13T23:58:00+00:00, run_after=2022-07-14T00:00:00+00:00
[2022-07-14 00:01:52,195] {processor.py:161} INFO - Processing /home/airflow/.local/lib/python3.7/site-packages/airflow/example_dags/example_sla_dag.py took 0.125 seconds
[2022-07-14 00:02:22,812] {processor.py:153} INFO - Started process (PID=17954) to work on /home/airflow/.local/lib/python3.7/site-packages/airflow/example_dags/example_sla_dag.py
[2022-07-14 00:02:22,812] {processor.py:641} INFO - Processing file /home/airflow/.local/lib/python3.7/site-packages/airflow/example_dags/example_sla_dag.py for tasks to queue
[2022-07-14 00:02:22,813] {logging_mixin.py:115} INFO - [2022-07-14 00:02:22,813] {dagbag.py:508} INFO - Filling up the DagBag from /home/airflow/.local/lib/python3.7/site-packages/airflow/example_dags/example_sla_dag.py
[2022-07-14 00:02:22,834] {processor.py:651} INFO - DAG(s) dict_keys(['example_sla_dag']) retrieved from /home/airflow/.local/lib/python3.7/site-packages/airflow/example_dags/example_sla_dag.py
[2022-07-14 00:02:22,954] {logging_mixin.py:115} INFO - [2022-07-14 00:02:22,954] {dag.py:2420} INFO - Sync 1 DAGs
[2022-07-14 00:02:23,024] {logging_mixin.py:115} INFO - [2022-07-14 00:02:23,024] {dag.py:2972} INFO - Setting next_dagrun for example_sla_dag to 2022-07-14T00:00:00+00:00, run_after=2022-07-14T00:02:00+00:00
[2022-07-14 00:02:23,059] {processor.py:161} INFO - Processing /home/airflow/.local/lib/python3.7/site-packages/airflow/example_dags/example_sla_dag.py took 0.250 seconds
[2022-07-14 00:02:54,090] {processor.py:153} INFO - Started process (PID=18017) to work on /home/airflow/.local/lib/python3.7/site-packages/airflow/example_dags/example_sla_dag.py
[2022-07-14 00:02:54,121] {processor.py:641} INFO - Processing file /home/airflow/.local/lib/python3.7/site-packages/airflow/example_dags/example_sla_dag.py for tasks to queue
[2022-07-14 00:02:54,122] {logging_mixin.py:115} INFO - [2022-07-14 00:02:54,122] {dagbag.py:508} INFO - Filling up the DagBag from /home/airflow/.local/lib/python3.7/site-packages/airflow/example_dags/example_sla_dag.py
[2022-07-14 00:02:54,190] {processor.py:651} INFO - DAG(s) dict_keys(['example_sla_dag']) retrieved from /home/airflow/.local/lib/python3.7/site-packages/airflow/example_dags/example_sla_dag.py
[2022-07-14 00:02:54,295] {logging_mixin.py:115} INFO - [2022-07-14 00:02:54,295] {dag.py:2420} INFO - Sync 1 DAGs
[2022-07-14 00:02:54,357] {logging_mixin.py:115} INFO - [2022-07-14 00:02:54,351] {dag.py:2972} INFO - Setting next_dagrun for example_sla_dag to 2022-07-14T00:00:00+00:00, run_after=2022-07-14T00:02:00+00:00
[2022-07-14 00:02:54,396] {processor.py:161} INFO - Processing /home/airflow/.local/lib/python3.7/site-packages/airflow/example_dags/example_sla_dag.py took 0.311 seconds
