[2022-07-14 00:00:28,638] {processor.py:153} INFO - Started process (PID=17742) to work on /home/airflow/.local/lib/python3.7/site-packages/airflow/example_dags/example_branch_datetime_operator.py
[2022-07-14 00:00:28,639] {processor.py:641} INFO - Processing file /home/airflow/.local/lib/python3.7/site-packages/airflow/example_dags/example_branch_datetime_operator.py for tasks to queue
[2022-07-14 00:00:28,640] {logging_mixin.py:115} INFO - [2022-07-14 00:00:28,639] {dagbag.py:508} INFO - Filling up the DagBag from /home/airflow/.local/lib/python3.7/site-packages/airflow/example_dags/example_branch_datetime_operator.py
[2022-07-14 00:00:28,655] {processor.py:651} INFO - DAG(s) dict_keys(['example_branch_datetime_operator', 'example_branch_datetime_operator_2']) retrieved from /home/airflow/.local/lib/python3.7/site-packages/airflow/example_dags/example_branch_datetime_operator.py
[2022-07-14 00:00:28,695] {logging_mixin.py:115} INFO - [2022-07-14 00:00:28,695] {dag.py:2420} INFO - Sync 2 DAGs
[2022-07-14 00:00:28,732] {logging_mixin.py:115} INFO - [2022-07-14 00:00:28,732] {dag.py:2972} INFO - Setting next_dagrun for example_branch_datetime_operator to 2022-07-13T00:00:00+00:00, run_after=2022-07-14T00:00:00+00:00
[2022-07-14 00:00:28,736] {logging_mixin.py:115} INFO - [2022-07-14 00:00:28,736] {dag.py:2972} INFO - Setting next_dagrun for example_branch_datetime_operator_2 to 2022-07-13T00:00:00+00:00, run_after=2022-07-14T00:00:00+00:00
[2022-07-14 00:00:28,761] {processor.py:161} INFO - Processing /home/airflow/.local/lib/python3.7/site-packages/airflow/example_dags/example_branch_datetime_operator.py took 0.130 seconds
[2022-07-14 00:00:59,231] {processor.py:153} INFO - Started process (PID=17795) to work on /home/airflow/.local/lib/python3.7/site-packages/airflow/example_dags/example_branch_datetime_operator.py
[2022-07-14 00:00:59,232] {processor.py:641} INFO - Processing file /home/airflow/.local/lib/python3.7/site-packages/airflow/example_dags/example_branch_datetime_operator.py for tasks to queue
[2022-07-14 00:00:59,234] {logging_mixin.py:115} INFO - [2022-07-14 00:00:59,234] {dagbag.py:508} INFO - Filling up the DagBag from /home/airflow/.local/lib/python3.7/site-packages/airflow/example_dags/example_branch_datetime_operator.py
[2022-07-14 00:00:59,252] {processor.py:651} INFO - DAG(s) dict_keys(['example_branch_datetime_operator', 'example_branch_datetime_operator_2']) retrieved from /home/airflow/.local/lib/python3.7/site-packages/airflow/example_dags/example_branch_datetime_operator.py
[2022-07-14 00:00:59,317] {logging_mixin.py:115} INFO - [2022-07-14 00:00:59,317] {dag.py:2420} INFO - Sync 2 DAGs
[2022-07-14 00:00:59,383] {logging_mixin.py:115} INFO - [2022-07-14 00:00:59,382] {dag.py:2972} INFO - Setting next_dagrun for example_branch_datetime_operator to 2022-07-13T00:00:00+00:00, run_after=2022-07-14T00:00:00+00:00
[2022-07-14 00:00:59,388] {logging_mixin.py:115} INFO - [2022-07-14 00:00:59,388] {dag.py:2972} INFO - Setting next_dagrun for example_branch_datetime_operator_2 to 2022-07-13T00:00:00+00:00, run_after=2022-07-14T00:00:00+00:00
[2022-07-14 00:00:59,414] {processor.py:161} INFO - Processing /home/airflow/.local/lib/python3.7/site-packages/airflow/example_dags/example_branch_datetime_operator.py took 0.189 seconds
[2022-07-14 00:01:30,259] {processor.py:153} INFO - Started process (PID=17858) to work on /home/airflow/.local/lib/python3.7/site-packages/airflow/example_dags/example_branch_datetime_operator.py
[2022-07-14 00:01:30,260] {processor.py:641} INFO - Processing file /home/airflow/.local/lib/python3.7/site-packages/airflow/example_dags/example_branch_datetime_operator.py for tasks to queue
[2022-07-14 00:01:30,260] {logging_mixin.py:115} INFO - [2022-07-14 00:01:30,260] {dagbag.py:508} INFO - Filling up the DagBag from /home/airflow/.local/lib/python3.7/site-packages/airflow/example_dags/example_branch_datetime_operator.py
[2022-07-14 00:01:30,272] {processor.py:651} INFO - DAG(s) dict_keys(['example_branch_datetime_operator', 'example_branch_datetime_operator_2']) retrieved from /home/airflow/.local/lib/python3.7/site-packages/airflow/example_dags/example_branch_datetime_operator.py
[2022-07-14 00:01:30,306] {logging_mixin.py:115} INFO - [2022-07-14 00:01:30,306] {dag.py:2420} INFO - Sync 2 DAGs
[2022-07-14 00:01:30,338] {logging_mixin.py:115} INFO - [2022-07-14 00:01:30,338] {dag.py:2972} INFO - Setting next_dagrun for example_branch_datetime_operator to 2022-07-13T00:00:00+00:00, run_after=2022-07-14T00:00:00+00:00
[2022-07-14 00:01:30,341] {logging_mixin.py:115} INFO - [2022-07-14 00:01:30,341] {dag.py:2972} INFO - Setting next_dagrun for example_branch_datetime_operator_2 to 2022-07-13T00:00:00+00:00, run_after=2022-07-14T00:00:00+00:00
[2022-07-14 00:01:30,357] {processor.py:161} INFO - Processing /home/airflow/.local/lib/python3.7/site-packages/airflow/example_dags/example_branch_datetime_operator.py took 0.101 seconds
[2022-07-14 00:02:00,422] {processor.py:153} INFO - Started process (PID=17921) to work on /home/airflow/.local/lib/python3.7/site-packages/airflow/example_dags/example_branch_datetime_operator.py
[2022-07-14 00:02:00,432] {processor.py:641} INFO - Processing file /home/airflow/.local/lib/python3.7/site-packages/airflow/example_dags/example_branch_datetime_operator.py for tasks to queue
[2022-07-14 00:02:00,433] {logging_mixin.py:115} INFO - [2022-07-14 00:02:00,433] {dagbag.py:508} INFO - Filling up the DagBag from /home/airflow/.local/lib/python3.7/site-packages/airflow/example_dags/example_branch_datetime_operator.py
[2022-07-14 00:02:00,445] {processor.py:651} INFO - DAG(s) dict_keys(['example_branch_datetime_operator', 'example_branch_datetime_operator_2']) retrieved from /home/airflow/.local/lib/python3.7/site-packages/airflow/example_dags/example_branch_datetime_operator.py
[2022-07-14 00:02:00,480] {logging_mixin.py:115} INFO - [2022-07-14 00:02:00,480] {dag.py:2420} INFO - Sync 2 DAGs
[2022-07-14 00:02:00,516] {logging_mixin.py:115} INFO - [2022-07-14 00:02:00,516] {dag.py:2972} INFO - Setting next_dagrun for example_branch_datetime_operator to 2022-07-13T00:00:00+00:00, run_after=2022-07-14T00:00:00+00:00
[2022-07-14 00:02:00,520] {logging_mixin.py:115} INFO - [2022-07-14 00:02:00,520] {dag.py:2972} INFO - Setting next_dagrun for example_branch_datetime_operator_2 to 2022-07-13T00:00:00+00:00, run_after=2022-07-14T00:00:00+00:00
[2022-07-14 00:02:00,536] {processor.py:161} INFO - Processing /home/airflow/.local/lib/python3.7/site-packages/airflow/example_dags/example_branch_datetime_operator.py took 0.118 seconds
[2022-07-14 00:02:31,086] {processor.py:153} INFO - Started process (PID=17975) to work on /home/airflow/.local/lib/python3.7/site-packages/airflow/example_dags/example_branch_datetime_operator.py
[2022-07-14 00:02:31,087] {processor.py:641} INFO - Processing file /home/airflow/.local/lib/python3.7/site-packages/airflow/example_dags/example_branch_datetime_operator.py for tasks to queue
[2022-07-14 00:02:31,088] {logging_mixin.py:115} INFO - [2022-07-14 00:02:31,088] {dagbag.py:508} INFO - Filling up the DagBag from /home/airflow/.local/lib/python3.7/site-packages/airflow/example_dags/example_branch_datetime_operator.py
[2022-07-14 00:02:31,112] {processor.py:651} INFO - DAG(s) dict_keys(['example_branch_datetime_operator', 'example_branch_datetime_operator_2']) retrieved from /home/airflow/.local/lib/python3.7/site-packages/airflow/example_dags/example_branch_datetime_operator.py
[2022-07-14 00:02:31,163] {logging_mixin.py:115} INFO - [2022-07-14 00:02:31,163] {dag.py:2420} INFO - Sync 2 DAGs
[2022-07-14 00:02:31,190] {logging_mixin.py:115} INFO - [2022-07-14 00:02:31,190] {dag.py:2972} INFO - Setting next_dagrun for example_branch_datetime_operator to 2022-07-13T00:00:00+00:00, run_after=2022-07-14T00:00:00+00:00
[2022-07-14 00:02:31,192] {logging_mixin.py:115} INFO - [2022-07-14 00:02:31,192] {dag.py:2972} INFO - Setting next_dagrun for example_branch_datetime_operator_2 to 2022-07-13T00:00:00+00:00, run_after=2022-07-14T00:00:00+00:00
[2022-07-14 00:02:31,206] {processor.py:161} INFO - Processing /home/airflow/.local/lib/python3.7/site-packages/airflow/example_dags/example_branch_datetime_operator.py took 0.132 seconds
[2022-07-14 00:03:01,413] {processor.py:153} INFO - Started process (PID=18038) to work on /home/airflow/.local/lib/python3.7/site-packages/airflow/example_dags/example_branch_datetime_operator.py
[2022-07-14 00:03:01,414] {processor.py:641} INFO - Processing file /home/airflow/.local/lib/python3.7/site-packages/airflow/example_dags/example_branch_datetime_operator.py for tasks to queue
[2022-07-14 00:03:01,414] {logging_mixin.py:115} INFO - [2022-07-14 00:03:01,414] {dagbag.py:508} INFO - Filling up the DagBag from /home/airflow/.local/lib/python3.7/site-packages/airflow/example_dags/example_branch_datetime_operator.py
[2022-07-14 00:03:01,428] {processor.py:651} INFO - DAG(s) dict_keys(['example_branch_datetime_operator', 'example_branch_datetime_operator_2']) retrieved from /home/airflow/.local/lib/python3.7/site-packages/airflow/example_dags/example_branch_datetime_operator.py
[2022-07-14 00:03:01,478] {logging_mixin.py:115} INFO - [2022-07-14 00:03:01,477] {dag.py:2420} INFO - Sync 2 DAGs
[2022-07-14 00:03:01,522] {logging_mixin.py:115} INFO - [2022-07-14 00:03:01,522] {dag.py:2972} INFO - Setting next_dagrun for example_branch_datetime_operator to 2022-07-13T00:00:00+00:00, run_after=2022-07-14T00:00:00+00:00
[2022-07-14 00:03:01,525] {logging_mixin.py:115} INFO - [2022-07-14 00:03:01,524] {dag.py:2972} INFO - Setting next_dagrun for example_branch_datetime_operator_2 to 2022-07-13T00:00:00+00:00, run_after=2022-07-14T00:00:00+00:00
[2022-07-14 00:03:01,547] {processor.py:161} INFO - Processing /home/airflow/.local/lib/python3.7/site-packages/airflow/example_dags/example_branch_datetime_operator.py took 0.137 seconds
[2022-07-14 00:03:32,016] {processor.py:153} INFO - Started process (PID=18092) to work on /home/airflow/.local/lib/python3.7/site-packages/airflow/example_dags/example_branch_datetime_operator.py
[2022-07-14 00:03:32,025] {processor.py:641} INFO - Processing file /home/airflow/.local/lib/python3.7/site-packages/airflow/example_dags/example_branch_datetime_operator.py for tasks to queue
[2022-07-14 00:03:32,026] {logging_mixin.py:115} INFO - [2022-07-14 00:03:32,026] {dagbag.py:508} INFO - Filling up the DagBag from /home/airflow/.local/lib/python3.7/site-packages/airflow/example_dags/example_branch_datetime_operator.py
[2022-07-14 00:03:32,040] {processor.py:651} INFO - DAG(s) dict_keys(['example_branch_datetime_operator', 'example_branch_datetime_operator_2']) retrieved from /home/airflow/.local/lib/python3.7/site-packages/airflow/example_dags/example_branch_datetime_operator.py
[2022-07-14 00:03:32,076] {logging_mixin.py:115} INFO - [2022-07-14 00:03:32,076] {dag.py:2420} INFO - Sync 2 DAGs
[2022-07-14 00:03:32,103] {logging_mixin.py:115} INFO - [2022-07-14 00:03:32,103] {dag.py:2972} INFO - Setting next_dagrun for example_branch_datetime_operator to 2022-07-13T00:00:00+00:00, run_after=2022-07-14T00:00:00+00:00
[2022-07-14 00:03:32,105] {logging_mixin.py:115} INFO - [2022-07-14 00:03:32,105] {dag.py:2972} INFO - Setting next_dagrun for example_branch_datetime_operator_2 to 2022-07-13T00:00:00+00:00, run_after=2022-07-14T00:00:00+00:00
[2022-07-14 00:03:32,120] {processor.py:161} INFO - Processing /home/airflow/.local/lib/python3.7/site-packages/airflow/example_dags/example_branch_datetime_operator.py took 0.108 seconds
[2022-07-14 00:04:02,823] {processor.py:153} INFO - Started process (PID=18157) to work on /home/airflow/.local/lib/python3.7/site-packages/airflow/example_dags/example_branch_datetime_operator.py
[2022-07-14 00:04:02,823] {processor.py:641} INFO - Processing file /home/airflow/.local/lib/python3.7/site-packages/airflow/example_dags/example_branch_datetime_operator.py for tasks to queue
[2022-07-14 00:04:02,824] {logging_mixin.py:115} INFO - [2022-07-14 00:04:02,824] {dagbag.py:508} INFO - Filling up the DagBag from /home/airflow/.local/lib/python3.7/site-packages/airflow/example_dags/example_branch_datetime_operator.py
[2022-07-14 00:04:02,834] {processor.py:651} INFO - DAG(s) dict_keys(['example_branch_datetime_operator', 'example_branch_datetime_operator_2']) retrieved from /home/airflow/.local/lib/python3.7/site-packages/airflow/example_dags/example_branch_datetime_operator.py
[2022-07-14 00:04:02,873] {logging_mixin.py:115} INFO - [2022-07-14 00:04:02,873] {dag.py:2420} INFO - Sync 2 DAGs
[2022-07-14 00:04:02,899] {logging_mixin.py:115} INFO - [2022-07-14 00:04:02,899] {dag.py:2972} INFO - Setting next_dagrun for example_branch_datetime_operator to 2022-07-13T00:00:00+00:00, run_after=2022-07-14T00:00:00+00:00
[2022-07-14 00:04:02,903] {logging_mixin.py:115} INFO - [2022-07-14 00:04:02,902] {dag.py:2972} INFO - Setting next_dagrun for example_branch_datetime_operator_2 to 2022-07-13T00:00:00+00:00, run_after=2022-07-14T00:00:00+00:00
[2022-07-14 00:04:02,919] {processor.py:161} INFO - Processing /home/airflow/.local/lib/python3.7/site-packages/airflow/example_dags/example_branch_datetime_operator.py took 0.099 seconds
