[2022-07-14 00:00:27,343] {processor.py:153} INFO - Started process (PID=17741) to work on /home/airflow/.local/lib/python3.7/site-packages/airflow/example_dags/example_bash_operator.py
[2022-07-14 00:00:27,343] {processor.py:641} INFO - Processing file /home/airflow/.local/lib/python3.7/site-packages/airflow/example_dags/example_bash_operator.py for tasks to queue
[2022-07-14 00:00:27,344] {logging_mixin.py:115} INFO - [2022-07-14 00:00:27,344] {dagbag.py:508} INFO - Filling up the DagBag from /home/airflow/.local/lib/python3.7/site-packages/airflow/example_dags/example_bash_operator.py
[2022-07-14 00:00:27,371] {processor.py:651} INFO - DAG(s) dict_keys(['example_bash_operator']) retrieved from /home/airflow/.local/lib/python3.7/site-packages/airflow/example_dags/example_bash_operator.py
[2022-07-14 00:00:27,444] {logging_mixin.py:115} INFO - [2022-07-14 00:00:27,443] {dag.py:2420} INFO - Sync 1 DAGs
[2022-07-14 00:00:27,477] {logging_mixin.py:115} INFO - [2022-07-14 00:00:27,477] {dag.py:2972} INFO - Setting next_dagrun for example_bash_operator to 2022-07-13T00:00:00+00:00, run_after=2022-07-14T00:00:00+00:00
[2022-07-14 00:00:27,509] {processor.py:161} INFO - Processing /home/airflow/.local/lib/python3.7/site-packages/airflow/example_dags/example_bash_operator.py took 0.175 seconds
[2022-07-14 00:00:58,027] {processor.py:153} INFO - Started process (PID=17794) to work on /home/airflow/.local/lib/python3.7/site-packages/airflow/example_dags/example_bash_operator.py
[2022-07-14 00:00:58,031] {processor.py:641} INFO - Processing file /home/airflow/.local/lib/python3.7/site-packages/airflow/example_dags/example_bash_operator.py for tasks to queue
[2022-07-14 00:00:58,032] {logging_mixin.py:115} INFO - [2022-07-14 00:00:58,032] {dagbag.py:508} INFO - Filling up the DagBag from /home/airflow/.local/lib/python3.7/site-packages/airflow/example_dags/example_bash_operator.py
[2022-07-14 00:00:58,054] {processor.py:651} INFO - DAG(s) dict_keys(['example_bash_operator']) retrieved from /home/airflow/.local/lib/python3.7/site-packages/airflow/example_dags/example_bash_operator.py
[2022-07-14 00:00:58,102] {logging_mixin.py:115} INFO - [2022-07-14 00:00:58,102] {dag.py:2420} INFO - Sync 1 DAGs
[2022-07-14 00:00:58,152] {logging_mixin.py:115} INFO - [2022-07-14 00:00:58,152] {dag.py:2972} INFO - Setting next_dagrun for example_bash_operator to 2022-07-13T00:00:00+00:00, run_after=2022-07-14T00:00:00+00:00
[2022-07-14 00:00:58,197] {processor.py:161} INFO - Processing /home/airflow/.local/lib/python3.7/site-packages/airflow/example_dags/example_bash_operator.py took 0.174 seconds
[2022-07-14 00:01:29,063] {processor.py:153} INFO - Started process (PID=17857) to work on /home/airflow/.local/lib/python3.7/site-packages/airflow/example_dags/example_bash_operator.py
[2022-07-14 00:01:29,065] {processor.py:641} INFO - Processing file /home/airflow/.local/lib/python3.7/site-packages/airflow/example_dags/example_bash_operator.py for tasks to queue
[2022-07-14 00:01:29,066] {logging_mixin.py:115} INFO - [2022-07-14 00:01:29,066] {dagbag.py:508} INFO - Filling up the DagBag from /home/airflow/.local/lib/python3.7/site-packages/airflow/example_dags/example_bash_operator.py
[2022-07-14 00:01:29,101] {processor.py:651} INFO - DAG(s) dict_keys(['example_bash_operator']) retrieved from /home/airflow/.local/lib/python3.7/site-packages/airflow/example_dags/example_bash_operator.py
[2022-07-14 00:01:29,151] {logging_mixin.py:115} INFO - [2022-07-14 00:01:29,151] {dag.py:2420} INFO - Sync 1 DAGs
[2022-07-14 00:01:29,202] {logging_mixin.py:115} INFO - [2022-07-14 00:01:29,202] {dag.py:2972} INFO - Setting next_dagrun for example_bash_operator to 2022-07-13T00:00:00+00:00, run_after=2022-07-14T00:00:00+00:00
[2022-07-14 00:01:29,238] {processor.py:161} INFO - Processing /home/airflow/.local/lib/python3.7/site-packages/airflow/example_dags/example_bash_operator.py took 0.186 seconds
[2022-07-14 00:01:59,304] {processor.py:153} INFO - Started process (PID=17911) to work on /home/airflow/.local/lib/python3.7/site-packages/airflow/example_dags/example_bash_operator.py
[2022-07-14 00:01:59,305] {processor.py:641} INFO - Processing file /home/airflow/.local/lib/python3.7/site-packages/airflow/example_dags/example_bash_operator.py for tasks to queue
[2022-07-14 00:01:59,306] {logging_mixin.py:115} INFO - [2022-07-14 00:01:59,306] {dagbag.py:508} INFO - Filling up the DagBag from /home/airflow/.local/lib/python3.7/site-packages/airflow/example_dags/example_bash_operator.py
[2022-07-14 00:01:59,327] {processor.py:651} INFO - DAG(s) dict_keys(['example_bash_operator']) retrieved from /home/airflow/.local/lib/python3.7/site-packages/airflow/example_dags/example_bash_operator.py
[2022-07-14 00:01:59,356] {logging_mixin.py:115} INFO - [2022-07-14 00:01:59,356] {dag.py:2420} INFO - Sync 1 DAGs
[2022-07-14 00:01:59,384] {logging_mixin.py:115} INFO - [2022-07-14 00:01:59,384] {dag.py:2972} INFO - Setting next_dagrun for example_bash_operator to 2022-07-13T00:00:00+00:00, run_after=2022-07-14T00:00:00+00:00
[2022-07-14 00:01:59,399] {processor.py:161} INFO - Processing /home/airflow/.local/lib/python3.7/site-packages/airflow/example_dags/example_bash_operator.py took 0.103 seconds
[2022-07-14 00:02:29,754] {processor.py:153} INFO - Started process (PID=17974) to work on /home/airflow/.local/lib/python3.7/site-packages/airflow/example_dags/example_bash_operator.py
[2022-07-14 00:02:29,755] {processor.py:641} INFO - Processing file /home/airflow/.local/lib/python3.7/site-packages/airflow/example_dags/example_bash_operator.py for tasks to queue
[2022-07-14 00:02:29,755] {logging_mixin.py:115} INFO - [2022-07-14 00:02:29,755] {dagbag.py:508} INFO - Filling up the DagBag from /home/airflow/.local/lib/python3.7/site-packages/airflow/example_dags/example_bash_operator.py
[2022-07-14 00:02:29,790] {processor.py:651} INFO - DAG(s) dict_keys(['example_bash_operator']) retrieved from /home/airflow/.local/lib/python3.7/site-packages/airflow/example_dags/example_bash_operator.py
[2022-07-14 00:02:29,903] {logging_mixin.py:115} INFO - [2022-07-14 00:02:29,903] {dag.py:2420} INFO - Sync 1 DAGs
[2022-07-14 00:02:29,976] {logging_mixin.py:115} INFO - [2022-07-14 00:02:29,976] {dag.py:2972} INFO - Setting next_dagrun for example_bash_operator to 2022-07-13T00:00:00+00:00, run_after=2022-07-14T00:00:00+00:00
[2022-07-14 00:02:30,035] {processor.py:161} INFO - Processing /home/airflow/.local/lib/python3.7/site-packages/airflow/example_dags/example_bash_operator.py took 0.283 seconds
[2022-07-14 00:03:00,180] {processor.py:153} INFO - Started process (PID=18037) to work on /home/airflow/.local/lib/python3.7/site-packages/airflow/example_dags/example_bash_operator.py
[2022-07-14 00:03:00,191] {processor.py:641} INFO - Processing file /home/airflow/.local/lib/python3.7/site-packages/airflow/example_dags/example_bash_operator.py for tasks to queue
[2022-07-14 00:03:00,192] {logging_mixin.py:115} INFO - [2022-07-14 00:03:00,192] {dagbag.py:508} INFO - Filling up the DagBag from /home/airflow/.local/lib/python3.7/site-packages/airflow/example_dags/example_bash_operator.py
[2022-07-14 00:03:00,207] {processor.py:651} INFO - DAG(s) dict_keys(['example_bash_operator']) retrieved from /home/airflow/.local/lib/python3.7/site-packages/airflow/example_dags/example_bash_operator.py
[2022-07-14 00:03:00,293] {logging_mixin.py:115} INFO - [2022-07-14 00:03:00,292] {dag.py:2420} INFO - Sync 1 DAGs
[2022-07-14 00:03:00,352] {logging_mixin.py:115} INFO - [2022-07-14 00:03:00,343] {dag.py:2972} INFO - Setting next_dagrun for example_bash_operator to 2022-07-13T00:00:00+00:00, run_after=2022-07-14T00:00:00+00:00
[2022-07-14 00:03:00,381] {processor.py:161} INFO - Processing /home/airflow/.local/lib/python3.7/site-packages/airflow/example_dags/example_bash_operator.py took 0.205 seconds
