[2022-07-14 00:00:07,503] {processor.py:153} INFO - Started process (PID=17700) to work on /home/airflow/.local/lib/python3.7/site-packages/airflow/example_dags/example_branch_operator_decorator.py
[2022-07-14 00:00:07,503] {processor.py:641} INFO - Processing file /home/airflow/.local/lib/python3.7/site-packages/airflow/example_dags/example_branch_operator_decorator.py for tasks to queue
[2022-07-14 00:00:07,504] {logging_mixin.py:115} INFO - [2022-07-14 00:00:07,504] {dagbag.py:508} INFO - Filling up the DagBag from /home/airflow/.local/lib/python3.7/site-packages/airflow/example_dags/example_branch_operator_decorator.py
[2022-07-14 00:00:07,573] {processor.py:651} INFO - DAG(s) dict_keys(['example_branch_python_operator_decorator']) retrieved from /home/airflow/.local/lib/python3.7/site-packages/airflow/example_dags/example_branch_operator_decorator.py
[2022-07-14 00:00:07,627] {logging_mixin.py:115} INFO - [2022-07-14 00:00:07,627] {dag.py:2420} INFO - Sync 1 DAGs
[2022-07-14 00:00:07,669] {logging_mixin.py:115} INFO - [2022-07-14 00:00:07,669] {dag.py:2972} INFO - Setting next_dagrun for example_branch_python_operator_decorator to 2022-07-13T00:00:00+00:00, run_after=2022-07-14T00:00:00+00:00
[2022-07-14 00:00:07,703] {processor.py:161} INFO - Processing /home/airflow/.local/lib/python3.7/site-packages/airflow/example_dags/example_branch_operator_decorator.py took 0.218 seconds
[2022-07-14 00:00:37,784] {processor.py:153} INFO - Started process (PID=17764) to work on /home/airflow/.local/lib/python3.7/site-packages/airflow/example_dags/example_branch_operator_decorator.py
[2022-07-14 00:00:37,785] {processor.py:641} INFO - Processing file /home/airflow/.local/lib/python3.7/site-packages/airflow/example_dags/example_branch_operator_decorator.py for tasks to queue
[2022-07-14 00:00:37,786] {logging_mixin.py:115} INFO - [2022-07-14 00:00:37,786] {dagbag.py:508} INFO - Filling up the DagBag from /home/airflow/.local/lib/python3.7/site-packages/airflow/example_dags/example_branch_operator_decorator.py
[2022-07-14 00:00:37,807] {processor.py:651} INFO - DAG(s) dict_keys(['example_branch_python_operator_decorator']) retrieved from /home/airflow/.local/lib/python3.7/site-packages/airflow/example_dags/example_branch_operator_decorator.py
[2022-07-14 00:00:37,844] {logging_mixin.py:115} INFO - [2022-07-14 00:00:37,844] {dag.py:2420} INFO - Sync 1 DAGs
[2022-07-14 00:00:37,881] {logging_mixin.py:115} INFO - [2022-07-14 00:00:37,881] {dag.py:2972} INFO - Setting next_dagrun for example_branch_python_operator_decorator to 2022-07-13T00:00:00+00:00, run_after=2022-07-14T00:00:00+00:00
[2022-07-14 00:00:37,900] {processor.py:161} INFO - Processing /home/airflow/.local/lib/python3.7/site-packages/airflow/example_dags/example_branch_operator_decorator.py took 0.122 seconds
[2022-07-14 00:01:08,039] {processor.py:153} INFO - Started process (PID=17817) to work on /home/airflow/.local/lib/python3.7/site-packages/airflow/example_dags/example_branch_operator_decorator.py
[2022-07-14 00:01:08,040] {processor.py:641} INFO - Processing file /home/airflow/.local/lib/python3.7/site-packages/airflow/example_dags/example_branch_operator_decorator.py for tasks to queue
[2022-07-14 00:01:08,040] {logging_mixin.py:115} INFO - [2022-07-14 00:01:08,040] {dagbag.py:508} INFO - Filling up the DagBag from /home/airflow/.local/lib/python3.7/site-packages/airflow/example_dags/example_branch_operator_decorator.py
[2022-07-14 00:01:08,065] {processor.py:651} INFO - DAG(s) dict_keys(['example_branch_python_operator_decorator']) retrieved from /home/airflow/.local/lib/python3.7/site-packages/airflow/example_dags/example_branch_operator_decorator.py
[2022-07-14 00:01:08,093] {logging_mixin.py:115} INFO - [2022-07-14 00:01:08,093] {dag.py:2420} INFO - Sync 1 DAGs
[2022-07-14 00:01:08,121] {logging_mixin.py:115} INFO - [2022-07-14 00:01:08,120] {dag.py:2972} INFO - Setting next_dagrun for example_branch_python_operator_decorator to 2022-07-13T00:00:00+00:00, run_after=2022-07-14T00:00:00+00:00
[2022-07-14 00:01:08,136] {processor.py:161} INFO - Processing /home/airflow/.local/lib/python3.7/site-packages/airflow/example_dags/example_branch_operator_decorator.py took 0.101 seconds
[2022-07-14 00:01:38,877] {processor.py:153} INFO - Started process (PID=17879) to work on /home/airflow/.local/lib/python3.7/site-packages/airflow/example_dags/example_branch_operator_decorator.py
[2022-07-14 00:01:38,881] {processor.py:641} INFO - Processing file /home/airflow/.local/lib/python3.7/site-packages/airflow/example_dags/example_branch_operator_decorator.py for tasks to queue
[2022-07-14 00:01:38,886] {logging_mixin.py:115} INFO - [2022-07-14 00:01:38,886] {dagbag.py:508} INFO - Filling up the DagBag from /home/airflow/.local/lib/python3.7/site-packages/airflow/example_dags/example_branch_operator_decorator.py
[2022-07-14 00:01:38,930] {processor.py:651} INFO - DAG(s) dict_keys(['example_branch_python_operator_decorator']) retrieved from /home/airflow/.local/lib/python3.7/site-packages/airflow/example_dags/example_branch_operator_decorator.py
[2022-07-14 00:01:38,973] {logging_mixin.py:115} INFO - [2022-07-14 00:01:38,973] {dag.py:2420} INFO - Sync 1 DAGs
[2022-07-14 00:01:39,007] {logging_mixin.py:115} INFO - [2022-07-14 00:01:39,006] {dag.py:2972} INFO - Setting next_dagrun for example_branch_python_operator_decorator to 2022-07-13T00:00:00+00:00, run_after=2022-07-14T00:00:00+00:00
[2022-07-14 00:01:39,028] {processor.py:161} INFO - Processing /home/airflow/.local/lib/python3.7/site-packages/airflow/example_dags/example_branch_operator_decorator.py took 0.156 seconds
[2022-07-14 00:02:09,048] {processor.py:153} INFO - Started process (PID=17933) to work on /home/airflow/.local/lib/python3.7/site-packages/airflow/example_dags/example_branch_operator_decorator.py
[2022-07-14 00:02:09,049] {processor.py:641} INFO - Processing file /home/airflow/.local/lib/python3.7/site-packages/airflow/example_dags/example_branch_operator_decorator.py for tasks to queue
[2022-07-14 00:02:09,049] {logging_mixin.py:115} INFO - [2022-07-14 00:02:09,049] {dagbag.py:508} INFO - Filling up the DagBag from /home/airflow/.local/lib/python3.7/site-packages/airflow/example_dags/example_branch_operator_decorator.py
[2022-07-14 00:02:09,071] {processor.py:651} INFO - DAG(s) dict_keys(['example_branch_python_operator_decorator']) retrieved from /home/airflow/.local/lib/python3.7/site-packages/airflow/example_dags/example_branch_operator_decorator.py
[2022-07-14 00:02:09,098] {logging_mixin.py:115} INFO - [2022-07-14 00:02:09,098] {dag.py:2420} INFO - Sync 1 DAGs
[2022-07-14 00:02:09,126] {logging_mixin.py:115} INFO - [2022-07-14 00:02:09,126] {dag.py:2972} INFO - Setting next_dagrun for example_branch_python_operator_decorator to 2022-07-13T00:00:00+00:00, run_after=2022-07-14T00:00:00+00:00
[2022-07-14 00:02:09,140] {processor.py:161} INFO - Processing /home/airflow/.local/lib/python3.7/site-packages/airflow/example_dags/example_branch_operator_decorator.py took 0.096 seconds
[2022-07-14 00:02:39,749] {processor.py:153} INFO - Started process (PID=17996) to work on /home/airflow/.local/lib/python3.7/site-packages/airflow/example_dags/example_branch_operator_decorator.py
[2022-07-14 00:02:39,750] {processor.py:641} INFO - Processing file /home/airflow/.local/lib/python3.7/site-packages/airflow/example_dags/example_branch_operator_decorator.py for tasks to queue
[2022-07-14 00:02:39,751] {logging_mixin.py:115} INFO - [2022-07-14 00:02:39,751] {dagbag.py:508} INFO - Filling up the DagBag from /home/airflow/.local/lib/python3.7/site-packages/airflow/example_dags/example_branch_operator_decorator.py
[2022-07-14 00:02:39,774] {processor.py:651} INFO - DAG(s) dict_keys(['example_branch_python_operator_decorator']) retrieved from /home/airflow/.local/lib/python3.7/site-packages/airflow/example_dags/example_branch_operator_decorator.py
[2022-07-14 00:02:39,800] {logging_mixin.py:115} INFO - [2022-07-14 00:02:39,800] {dag.py:2420} INFO - Sync 1 DAGs
[2022-07-14 00:02:39,825] {logging_mixin.py:115} INFO - [2022-07-14 00:02:39,825] {dag.py:2972} INFO - Setting next_dagrun for example_branch_python_operator_decorator to 2022-07-13T00:00:00+00:00, run_after=2022-07-14T00:00:00+00:00
[2022-07-14 00:02:39,838] {processor.py:161} INFO - Processing /home/airflow/.local/lib/python3.7/site-packages/airflow/example_dags/example_branch_operator_decorator.py took 0.092 seconds
[2022-07-14 00:03:10,045] {processor.py:153} INFO - Started process (PID=18050) to work on /home/airflow/.local/lib/python3.7/site-packages/airflow/example_dags/example_branch_operator_decorator.py
[2022-07-14 00:03:10,046] {processor.py:641} INFO - Processing file /home/airflow/.local/lib/python3.7/site-packages/airflow/example_dags/example_branch_operator_decorator.py for tasks to queue
[2022-07-14 00:03:10,046] {logging_mixin.py:115} INFO - [2022-07-14 00:03:10,046] {dagbag.py:508} INFO - Filling up the DagBag from /home/airflow/.local/lib/python3.7/site-packages/airflow/example_dags/example_branch_operator_decorator.py
[2022-07-14 00:03:10,073] {processor.py:651} INFO - DAG(s) dict_keys(['example_branch_python_operator_decorator']) retrieved from /home/airflow/.local/lib/python3.7/site-packages/airflow/example_dags/example_branch_operator_decorator.py
[2022-07-14 00:03:10,111] {logging_mixin.py:115} INFO - [2022-07-14 00:03:10,111] {dag.py:2420} INFO - Sync 1 DAGs
[2022-07-14 00:03:10,142] {logging_mixin.py:115} INFO - [2022-07-14 00:03:10,142] {dag.py:2972} INFO - Setting next_dagrun for example_branch_python_operator_decorator to 2022-07-13T00:00:00+00:00, run_after=2022-07-14T00:00:00+00:00
[2022-07-14 00:03:10,159] {processor.py:161} INFO - Processing /home/airflow/.local/lib/python3.7/site-packages/airflow/example_dags/example_branch_operator_decorator.py took 0.118 seconds
[2022-07-14 00:03:40,704] {processor.py:153} INFO - Started process (PID=18113) to work on /home/airflow/.local/lib/python3.7/site-packages/airflow/example_dags/example_branch_operator_decorator.py
[2022-07-14 00:03:40,705] {processor.py:641} INFO - Processing file /home/airflow/.local/lib/python3.7/site-packages/airflow/example_dags/example_branch_operator_decorator.py for tasks to queue
[2022-07-14 00:03:40,705] {logging_mixin.py:115} INFO - [2022-07-14 00:03:40,705] {dagbag.py:508} INFO - Filling up the DagBag from /home/airflow/.local/lib/python3.7/site-packages/airflow/example_dags/example_branch_operator_decorator.py
[2022-07-14 00:03:40,764] {processor.py:651} INFO - DAG(s) dict_keys(['example_branch_python_operator_decorator']) retrieved from /home/airflow/.local/lib/python3.7/site-packages/airflow/example_dags/example_branch_operator_decorator.py
[2022-07-14 00:03:40,791] {logging_mixin.py:115} INFO - [2022-07-14 00:03:40,791] {dag.py:2420} INFO - Sync 1 DAGs
[2022-07-14 00:03:40,817] {logging_mixin.py:115} INFO - [2022-07-14 00:03:40,816] {dag.py:2972} INFO - Setting next_dagrun for example_branch_python_operator_decorator to 2022-07-13T00:00:00+00:00, run_after=2022-07-14T00:00:00+00:00
[2022-07-14 00:03:40,830] {processor.py:161} INFO - Processing /home/airflow/.local/lib/python3.7/site-packages/airflow/example_dags/example_branch_operator_decorator.py took 0.129 seconds
