[2022-07-14 00:00:21,754] {processor.py:153} INFO - Started process (PID=17724) to work on /home/airflow/.local/lib/python3.7/site-packages/airflow/example_dags/example_branch_operator.py
[2022-07-14 00:00:21,754] {processor.py:641} INFO - Processing file /home/airflow/.local/lib/python3.7/site-packages/airflow/example_dags/example_branch_operator.py for tasks to queue
[2022-07-14 00:00:21,755] {logging_mixin.py:115} INFO - [2022-07-14 00:00:21,755] {dagbag.py:508} INFO - Filling up the DagBag from /home/airflow/.local/lib/python3.7/site-packages/airflow/example_dags/example_branch_operator.py
[2022-07-14 00:00:21,769] {processor.py:651} INFO - DAG(s) dict_keys(['example_branch_operator']) retrieved from /home/airflow/.local/lib/python3.7/site-packages/airflow/example_dags/example_branch_operator.py
[2022-07-14 00:00:21,801] {logging_mixin.py:115} INFO - [2022-07-14 00:00:21,801] {dag.py:2420} INFO - Sync 1 DAGs
[2022-07-14 00:00:21,830] {logging_mixin.py:115} INFO - [2022-07-14 00:00:21,830] {dag.py:2972} INFO - Setting next_dagrun for example_branch_operator to 2022-07-13T00:00:00+00:00, run_after=2022-07-14T00:00:00+00:00
[2022-07-14 00:00:21,845] {processor.py:161} INFO - Processing /home/airflow/.local/lib/python3.7/site-packages/airflow/example_dags/example_branch_operator.py took 0.095 seconds
[2022-07-14 00:00:51,868] {processor.py:153} INFO - Started process (PID=17784) to work on /home/airflow/.local/lib/python3.7/site-packages/airflow/example_dags/example_branch_operator.py
[2022-07-14 00:00:51,891] {processor.py:641} INFO - Processing file /home/airflow/.local/lib/python3.7/site-packages/airflow/example_dags/example_branch_operator.py for tasks to queue
[2022-07-14 00:00:51,892] {logging_mixin.py:115} INFO - [2022-07-14 00:00:51,892] {dagbag.py:508} INFO - Filling up the DagBag from /home/airflow/.local/lib/python3.7/site-packages/airflow/example_dags/example_branch_operator.py
[2022-07-14 00:00:51,909] {processor.py:651} INFO - DAG(s) dict_keys(['example_branch_operator']) retrieved from /home/airflow/.local/lib/python3.7/site-packages/airflow/example_dags/example_branch_operator.py
[2022-07-14 00:00:51,955] {logging_mixin.py:115} INFO - [2022-07-14 00:00:51,955] {dag.py:2420} INFO - Sync 1 DAGs
[2022-07-14 00:00:51,983] {logging_mixin.py:115} INFO - [2022-07-14 00:00:51,983] {dag.py:2972} INFO - Setting next_dagrun for example_branch_operator to 2022-07-13T00:00:00+00:00, run_after=2022-07-14T00:00:00+00:00
[2022-07-14 00:00:51,998] {processor.py:161} INFO - Processing /home/airflow/.local/lib/python3.7/site-packages/airflow/example_dags/example_branch_operator.py took 0.135 seconds
[2022-07-14 00:01:22,061] {processor.py:153} INFO - Started process (PID=17839) to work on /home/airflow/.local/lib/python3.7/site-packages/airflow/example_dags/example_branch_operator.py
[2022-07-14 00:01:22,062] {processor.py:641} INFO - Processing file /home/airflow/.local/lib/python3.7/site-packages/airflow/example_dags/example_branch_operator.py for tasks to queue
[2022-07-14 00:01:22,062] {logging_mixin.py:115} INFO - [2022-07-14 00:01:22,062] {dagbag.py:508} INFO - Filling up the DagBag from /home/airflow/.local/lib/python3.7/site-packages/airflow/example_dags/example_branch_operator.py
[2022-07-14 00:01:22,074] {processor.py:651} INFO - DAG(s) dict_keys(['example_branch_operator']) retrieved from /home/airflow/.local/lib/python3.7/site-packages/airflow/example_dags/example_branch_operator.py
[2022-07-14 00:01:22,101] {logging_mixin.py:115} INFO - [2022-07-14 00:01:22,101] {dag.py:2420} INFO - Sync 1 DAGs
[2022-07-14 00:01:22,126] {logging_mixin.py:115} INFO - [2022-07-14 00:01:22,126] {dag.py:2972} INFO - Setting next_dagrun for example_branch_operator to 2022-07-13T00:00:00+00:00, run_after=2022-07-14T00:00:00+00:00
[2022-07-14 00:01:22,138] {processor.py:161} INFO - Processing /home/airflow/.local/lib/python3.7/site-packages/airflow/example_dags/example_branch_operator.py took 0.081 seconds
[2022-07-14 00:01:52,229] {processor.py:153} INFO - Started process (PID=17901) to work on /home/airflow/.local/lib/python3.7/site-packages/airflow/example_dags/example_branch_operator.py
[2022-07-14 00:01:52,237] {processor.py:641} INFO - Processing file /home/airflow/.local/lib/python3.7/site-packages/airflow/example_dags/example_branch_operator.py for tasks to queue
[2022-07-14 00:01:52,238] {logging_mixin.py:115} INFO - [2022-07-14 00:01:52,238] {dagbag.py:508} INFO - Filling up the DagBag from /home/airflow/.local/lib/python3.7/site-packages/airflow/example_dags/example_branch_operator.py
[2022-07-14 00:01:52,273] {processor.py:651} INFO - DAG(s) dict_keys(['example_branch_operator']) retrieved from /home/airflow/.local/lib/python3.7/site-packages/airflow/example_dags/example_branch_operator.py
[2022-07-14 00:01:52,323] {logging_mixin.py:115} INFO - [2022-07-14 00:01:52,322] {dag.py:2420} INFO - Sync 1 DAGs
[2022-07-14 00:01:52,382] {logging_mixin.py:115} INFO - [2022-07-14 00:01:52,382] {dag.py:2972} INFO - Setting next_dagrun for example_branch_operator to 2022-07-13T00:00:00+00:00, run_after=2022-07-14T00:00:00+00:00
[2022-07-14 00:01:52,418] {processor.py:161} INFO - Processing /home/airflow/.local/lib/python3.7/site-packages/airflow/example_dags/example_branch_operator.py took 0.194 seconds
[2022-07-14 00:02:22,889] {processor.py:153} INFO - Started process (PID=17955) to work on /home/airflow/.local/lib/python3.7/site-packages/airflow/example_dags/example_branch_operator.py
[2022-07-14 00:02:22,895] {processor.py:641} INFO - Processing file /home/airflow/.local/lib/python3.7/site-packages/airflow/example_dags/example_branch_operator.py for tasks to queue
[2022-07-14 00:02:22,900] {logging_mixin.py:115} INFO - [2022-07-14 00:02:22,899] {dagbag.py:508} INFO - Filling up the DagBag from /home/airflow/.local/lib/python3.7/site-packages/airflow/example_dags/example_branch_operator.py
[2022-07-14 00:02:22,919] {processor.py:651} INFO - DAG(s) dict_keys(['example_branch_operator']) retrieved from /home/airflow/.local/lib/python3.7/site-packages/airflow/example_dags/example_branch_operator.py
[2022-07-14 00:02:22,997] {logging_mixin.py:115} INFO - [2022-07-14 00:02:22,997] {dag.py:2420} INFO - Sync 1 DAGs
[2022-07-14 00:02:23,054] {logging_mixin.py:115} INFO - [2022-07-14 00:02:23,054] {dag.py:2972} INFO - Setting next_dagrun for example_branch_operator to 2022-07-13T00:00:00+00:00, run_after=2022-07-14T00:00:00+00:00
[2022-07-14 00:02:23,078] {processor.py:161} INFO - Processing /home/airflow/.local/lib/python3.7/site-packages/airflow/example_dags/example_branch_operator.py took 0.203 seconds
[2022-07-14 00:02:54,230] {processor.py:153} INFO - Started process (PID=18018) to work on /home/airflow/.local/lib/python3.7/site-packages/airflow/example_dags/example_branch_operator.py
[2022-07-14 00:02:54,235] {processor.py:641} INFO - Processing file /home/airflow/.local/lib/python3.7/site-packages/airflow/example_dags/example_branch_operator.py for tasks to queue
[2022-07-14 00:02:54,236] {logging_mixin.py:115} INFO - [2022-07-14 00:02:54,236] {dagbag.py:508} INFO - Filling up the DagBag from /home/airflow/.local/lib/python3.7/site-packages/airflow/example_dags/example_branch_operator.py
[2022-07-14 00:02:54,279] {processor.py:651} INFO - DAG(s) dict_keys(['example_branch_operator']) retrieved from /home/airflow/.local/lib/python3.7/site-packages/airflow/example_dags/example_branch_operator.py
[2022-07-14 00:02:54,357] {logging_mixin.py:115} INFO - [2022-07-14 00:02:54,357] {dag.py:2420} INFO - Sync 1 DAGs
[2022-07-14 00:02:54,388] {logging_mixin.py:115} INFO - [2022-07-14 00:02:54,388] {dag.py:2972} INFO - Setting next_dagrun for example_branch_operator to 2022-07-13T00:00:00+00:00, run_after=2022-07-14T00:00:00+00:00
[2022-07-14 00:02:54,410] {processor.py:161} INFO - Processing /home/airflow/.local/lib/python3.7/site-packages/airflow/example_dags/example_branch_operator.py took 0.185 seconds
