[2022-07-14 00:00:06,555] {processor.py:153} INFO - Started process (PID=17697) to work on /home/airflow/.local/lib/python3.7/site-packages/airflow/example_dags/example_xcom.py
[2022-07-14 00:00:06,558] {processor.py:641} INFO - Processing file /home/airflow/.local/lib/python3.7/site-packages/airflow/example_dags/example_xcom.py for tasks to queue
[2022-07-14 00:00:06,559] {logging_mixin.py:115} INFO - [2022-07-14 00:00:06,559] {dagbag.py:508} INFO - Filling up the DagBag from /home/airflow/.local/lib/python3.7/site-packages/airflow/example_dags/example_xcom.py
[2022-07-14 00:00:06,623] {processor.py:651} INFO - DAG(s) dict_keys(['example_xcom']) retrieved from /home/airflow/.local/lib/python3.7/site-packages/airflow/example_dags/example_xcom.py
[2022-07-14 00:00:07,127] {logging_mixin.py:115} INFO - [2022-07-14 00:00:07,127] {dag.py:2420} INFO - Sync 1 DAGs
[2022-07-14 00:00:07,223] {logging_mixin.py:115} INFO - [2022-07-14 00:00:07,222] {dag.py:2972} INFO - Setting next_dagrun for example_xcom to 2021-01-01T00:00:00+00:00, run_after=2021-01-01T00:00:00+00:00
[2022-07-14 00:00:07,297] {processor.py:161} INFO - Processing /home/airflow/.local/lib/python3.7/site-packages/airflow/example_dags/example_xcom.py took 0.746 seconds
[2022-07-14 00:00:37,336] {processor.py:153} INFO - Started process (PID=17760) to work on /home/airflow/.local/lib/python3.7/site-packages/airflow/example_dags/example_xcom.py
[2022-07-14 00:00:37,336] {processor.py:641} INFO - Processing file /home/airflow/.local/lib/python3.7/site-packages/airflow/example_dags/example_xcom.py for tasks to queue
[2022-07-14 00:00:37,341] {logging_mixin.py:115} INFO - [2022-07-14 00:00:37,341] {dagbag.py:508} INFO - Filling up the DagBag from /home/airflow/.local/lib/python3.7/site-packages/airflow/example_dags/example_xcom.py
[2022-07-14 00:00:37,381] {processor.py:651} INFO - DAG(s) dict_keys(['example_xcom']) retrieved from /home/airflow/.local/lib/python3.7/site-packages/airflow/example_dags/example_xcom.py
[2022-07-14 00:00:37,504] {logging_mixin.py:115} INFO - [2022-07-14 00:00:37,504] {dag.py:2420} INFO - Sync 1 DAGs
[2022-07-14 00:00:37,543] {logging_mixin.py:115} INFO - [2022-07-14 00:00:37,542] {dag.py:2972} INFO - Setting next_dagrun for example_xcom to 2021-01-01T00:00:00+00:00, run_after=2021-01-01T00:00:00+00:00
[2022-07-14 00:00:37,561] {processor.py:161} INFO - Processing /home/airflow/.local/lib/python3.7/site-packages/airflow/example_dags/example_xcom.py took 0.235 seconds
[2022-07-14 00:01:07,803] {processor.py:153} INFO - Started process (PID=17813) to work on /home/airflow/.local/lib/python3.7/site-packages/airflow/example_dags/example_xcom.py
[2022-07-14 00:01:07,811] {processor.py:641} INFO - Processing file /home/airflow/.local/lib/python3.7/site-packages/airflow/example_dags/example_xcom.py for tasks to queue
[2022-07-14 00:01:07,812] {logging_mixin.py:115} INFO - [2022-07-14 00:01:07,812] {dagbag.py:508} INFO - Filling up the DagBag from /home/airflow/.local/lib/python3.7/site-packages/airflow/example_dags/example_xcom.py
[2022-07-14 00:01:07,831] {processor.py:651} INFO - DAG(s) dict_keys(['example_xcom']) retrieved from /home/airflow/.local/lib/python3.7/site-packages/airflow/example_dags/example_xcom.py
[2022-07-14 00:01:07,909] {logging_mixin.py:115} INFO - [2022-07-14 00:01:07,909] {dag.py:2420} INFO - Sync 1 DAGs
[2022-07-14 00:01:07,931] {logging_mixin.py:115} INFO - [2022-07-14 00:01:07,931] {dag.py:2972} INFO - Setting next_dagrun for example_xcom to 2021-01-01T00:00:00+00:00, run_after=2021-01-01T00:00:00+00:00
[2022-07-14 00:01:07,946] {processor.py:161} INFO - Processing /home/airflow/.local/lib/python3.7/site-packages/airflow/example_dags/example_xcom.py took 0.147 seconds
[2022-07-14 00:01:38,745] {processor.py:153} INFO - Started process (PID=17876) to work on /home/airflow/.local/lib/python3.7/site-packages/airflow/example_dags/example_xcom.py
[2022-07-14 00:01:38,747] {processor.py:641} INFO - Processing file /home/airflow/.local/lib/python3.7/site-packages/airflow/example_dags/example_xcom.py for tasks to queue
[2022-07-14 00:01:38,748] {logging_mixin.py:115} INFO - [2022-07-14 00:01:38,747] {dagbag.py:508} INFO - Filling up the DagBag from /home/airflow/.local/lib/python3.7/site-packages/airflow/example_dags/example_xcom.py
[2022-07-14 00:01:38,773] {processor.py:651} INFO - DAG(s) dict_keys(['example_xcom']) retrieved from /home/airflow/.local/lib/python3.7/site-packages/airflow/example_dags/example_xcom.py
[2022-07-14 00:01:38,803] {logging_mixin.py:115} INFO - [2022-07-14 00:01:38,802] {dag.py:2420} INFO - Sync 1 DAGs
[2022-07-14 00:01:38,829] {logging_mixin.py:115} INFO - [2022-07-14 00:01:38,829] {dag.py:2972} INFO - Setting next_dagrun for example_xcom to 2021-01-01T00:00:00+00:00, run_after=2021-01-01T00:00:00+00:00
[2022-07-14 00:01:38,844] {processor.py:161} INFO - Processing /home/airflow/.local/lib/python3.7/site-packages/airflow/example_dags/example_xcom.py took 0.102 seconds
[2022-07-14 00:02:08,882] {processor.py:153} INFO - Started process (PID=17930) to work on /home/airflow/.local/lib/python3.7/site-packages/airflow/example_dags/example_xcom.py
[2022-07-14 00:02:08,883] {processor.py:641} INFO - Processing file /home/airflow/.local/lib/python3.7/site-packages/airflow/example_dags/example_xcom.py for tasks to queue
[2022-07-14 00:02:08,883] {logging_mixin.py:115} INFO - [2022-07-14 00:02:08,883] {dagbag.py:508} INFO - Filling up the DagBag from /home/airflow/.local/lib/python3.7/site-packages/airflow/example_dags/example_xcom.py
[2022-07-14 00:02:08,904] {processor.py:651} INFO - DAG(s) dict_keys(['example_xcom']) retrieved from /home/airflow/.local/lib/python3.7/site-packages/airflow/example_dags/example_xcom.py
[2022-07-14 00:02:08,987] {logging_mixin.py:115} INFO - [2022-07-14 00:02:08,987] {dag.py:2420} INFO - Sync 1 DAGs
[2022-07-14 00:02:09,013] {logging_mixin.py:115} INFO - [2022-07-14 00:02:09,013] {dag.py:2972} INFO - Setting next_dagrun for example_xcom to 2021-01-01T00:00:00+00:00, run_after=2021-01-01T00:00:00+00:00
[2022-07-14 00:02:09,028] {processor.py:161} INFO - Processing /home/airflow/.local/lib/python3.7/site-packages/airflow/example_dags/example_xcom.py took 0.153 seconds
[2022-07-14 00:02:39,576] {processor.py:153} INFO - Started process (PID=17993) to work on /home/airflow/.local/lib/python3.7/site-packages/airflow/example_dags/example_xcom.py
[2022-07-14 00:02:39,577] {processor.py:641} INFO - Processing file /home/airflow/.local/lib/python3.7/site-packages/airflow/example_dags/example_xcom.py for tasks to queue
[2022-07-14 00:02:39,578] {logging_mixin.py:115} INFO - [2022-07-14 00:02:39,578] {dagbag.py:508} INFO - Filling up the DagBag from /home/airflow/.local/lib/python3.7/site-packages/airflow/example_dags/example_xcom.py
[2022-07-14 00:02:39,615] {processor.py:651} INFO - DAG(s) dict_keys(['example_xcom']) retrieved from /home/airflow/.local/lib/python3.7/site-packages/airflow/example_dags/example_xcom.py
[2022-07-14 00:02:39,689] {logging_mixin.py:115} INFO - [2022-07-14 00:02:39,689] {dag.py:2420} INFO - Sync 1 DAGs
[2022-07-14 00:02:39,712] {logging_mixin.py:115} INFO - [2022-07-14 00:02:39,712] {dag.py:2972} INFO - Setting next_dagrun for example_xcom to 2021-01-01T00:00:00+00:00, run_after=2021-01-01T00:00:00+00:00
[2022-07-14 00:02:39,731] {processor.py:161} INFO - Processing /home/airflow/.local/lib/python3.7/site-packages/airflow/example_dags/example_xcom.py took 0.160 seconds
