[2022-07-14 00:00:06,563] {processor.py:153} INFO - Started process (PID=17698) to work on /home/airflow/.local/lib/python3.7/site-packages/airflow/example_dags/example_kubernetes_executor.py
[2022-07-14 00:00:06,564] {processor.py:641} INFO - Processing file /home/airflow/.local/lib/python3.7/site-packages/airflow/example_dags/example_kubernetes_executor.py for tasks to queue
[2022-07-14 00:00:06,581] {logging_mixin.py:115} INFO - [2022-07-14 00:00:06,580] {dagbag.py:508} INFO - Filling up the DagBag from /home/airflow/.local/lib/python3.7/site-packages/airflow/example_dags/example_kubernetes_executor.py
[2022-07-14 00:00:06,635] {processor.py:651} INFO - DAG(s) dict_keys(['example_kubernetes_executor']) retrieved from /home/airflow/.local/lib/python3.7/site-packages/airflow/example_dags/example_kubernetes_executor.py
[2022-07-14 00:00:06,890] {logging_mixin.py:115} INFO - [2022-07-14 00:00:06,890] {dag.py:2420} INFO - Sync 1 DAGs
[2022-07-14 00:00:07,062] {logging_mixin.py:115} INFO - [2022-07-14 00:00:07,062] {dag.py:2972} INFO - Setting next_dagrun for example_kubernetes_executor to None, run_after=None
[2022-07-14 00:00:07,151] {processor.py:161} INFO - Processing /home/airflow/.local/lib/python3.7/site-packages/airflow/example_dags/example_kubernetes_executor.py took 0.600 seconds
[2022-07-14 00:00:37,339] {processor.py:153} INFO - Started process (PID=17761) to work on /home/airflow/.local/lib/python3.7/site-packages/airflow/example_dags/example_kubernetes_executor.py
[2022-07-14 00:00:37,340] {processor.py:641} INFO - Processing file /home/airflow/.local/lib/python3.7/site-packages/airflow/example_dags/example_kubernetes_executor.py for tasks to queue
[2022-07-14 00:00:37,345] {logging_mixin.py:115} INFO - [2022-07-14 00:00:37,345] {dagbag.py:508} INFO - Filling up the DagBag from /home/airflow/.local/lib/python3.7/site-packages/airflow/example_dags/example_kubernetes_executor.py
[2022-07-14 00:00:37,399] {processor.py:651} INFO - DAG(s) dict_keys(['example_kubernetes_executor']) retrieved from /home/airflow/.local/lib/python3.7/site-packages/airflow/example_dags/example_kubernetes_executor.py
[2022-07-14 00:00:37,448] {logging_mixin.py:115} INFO - [2022-07-14 00:00:37,448] {dag.py:2420} INFO - Sync 1 DAGs
[2022-07-14 00:00:37,494] {logging_mixin.py:115} INFO - [2022-07-14 00:00:37,494] {dag.py:2972} INFO - Setting next_dagrun for example_kubernetes_executor to None, run_after=None
[2022-07-14 00:00:37,519] {processor.py:161} INFO - Processing /home/airflow/.local/lib/python3.7/site-packages/airflow/example_dags/example_kubernetes_executor.py took 0.190 seconds
[2022-07-14 00:01:07,808] {processor.py:153} INFO - Started process (PID=17814) to work on /home/airflow/.local/lib/python3.7/site-packages/airflow/example_dags/example_kubernetes_executor.py
[2022-07-14 00:01:07,811] {processor.py:641} INFO - Processing file /home/airflow/.local/lib/python3.7/site-packages/airflow/example_dags/example_kubernetes_executor.py for tasks to queue
[2022-07-14 00:01:07,812] {logging_mixin.py:115} INFO - [2022-07-14 00:01:07,812] {dagbag.py:508} INFO - Filling up the DagBag from /home/airflow/.local/lib/python3.7/site-packages/airflow/example_dags/example_kubernetes_executor.py
[2022-07-14 00:01:07,842] {processor.py:651} INFO - DAG(s) dict_keys(['example_kubernetes_executor']) retrieved from /home/airflow/.local/lib/python3.7/site-packages/airflow/example_dags/example_kubernetes_executor.py
[2022-07-14 00:01:07,881] {logging_mixin.py:115} INFO - [2022-07-14 00:01:07,881] {dag.py:2420} INFO - Sync 1 DAGs
[2022-07-14 00:01:07,909] {logging_mixin.py:115} INFO - [2022-07-14 00:01:07,909] {dag.py:2972} INFO - Setting next_dagrun for example_kubernetes_executor to None, run_after=None
[2022-07-14 00:01:07,921] {processor.py:161} INFO - Processing /home/airflow/.local/lib/python3.7/site-packages/airflow/example_dags/example_kubernetes_executor.py took 0.117 seconds
[2022-07-14 00:01:38,745] {processor.py:153} INFO - Started process (PID=17877) to work on /home/airflow/.local/lib/python3.7/site-packages/airflow/example_dags/example_kubernetes_executor.py
[2022-07-14 00:01:38,747] {processor.py:641} INFO - Processing file /home/airflow/.local/lib/python3.7/site-packages/airflow/example_dags/example_kubernetes_executor.py for tasks to queue
[2022-07-14 00:01:38,748] {logging_mixin.py:115} INFO - [2022-07-14 00:01:38,748] {dagbag.py:508} INFO - Filling up the DagBag from /home/airflow/.local/lib/python3.7/site-packages/airflow/example_dags/example_kubernetes_executor.py
[2022-07-14 00:01:38,782] {processor.py:651} INFO - DAG(s) dict_keys(['example_kubernetes_executor']) retrieved from /home/airflow/.local/lib/python3.7/site-packages/airflow/example_dags/example_kubernetes_executor.py
[2022-07-14 00:01:38,814] {logging_mixin.py:115} INFO - [2022-07-14 00:01:38,814] {dag.py:2420} INFO - Sync 1 DAGs
[2022-07-14 00:01:38,841] {logging_mixin.py:115} INFO - [2022-07-14 00:01:38,841] {dag.py:2972} INFO - Setting next_dagrun for example_kubernetes_executor to None, run_after=None
[2022-07-14 00:01:38,856] {processor.py:161} INFO - Processing /home/airflow/.local/lib/python3.7/site-packages/airflow/example_dags/example_kubernetes_executor.py took 0.114 seconds
[2022-07-14 00:02:08,898] {processor.py:153} INFO - Started process (PID=17931) to work on /home/airflow/.local/lib/python3.7/site-packages/airflow/example_dags/example_kubernetes_executor.py
[2022-07-14 00:02:08,899] {processor.py:641} INFO - Processing file /home/airflow/.local/lib/python3.7/site-packages/airflow/example_dags/example_kubernetes_executor.py for tasks to queue
[2022-07-14 00:02:08,899] {logging_mixin.py:115} INFO - [2022-07-14 00:02:08,899] {dagbag.py:508} INFO - Filling up the DagBag from /home/airflow/.local/lib/python3.7/site-packages/airflow/example_dags/example_kubernetes_executor.py
[2022-07-14 00:02:08,932] {processor.py:651} INFO - DAG(s) dict_keys(['example_kubernetes_executor']) retrieved from /home/airflow/.local/lib/python3.7/site-packages/airflow/example_dags/example_kubernetes_executor.py
[2022-07-14 00:02:08,960] {logging_mixin.py:115} INFO - [2022-07-14 00:02:08,960] {dag.py:2420} INFO - Sync 1 DAGs
[2022-07-14 00:02:08,990] {logging_mixin.py:115} INFO - [2022-07-14 00:02:08,990] {dag.py:2972} INFO - Setting next_dagrun for example_kubernetes_executor to None, run_after=None
[2022-07-14 00:02:09,006] {processor.py:161} INFO - Processing /home/airflow/.local/lib/python3.7/site-packages/airflow/example_dags/example_kubernetes_executor.py took 0.112 seconds
[2022-07-14 00:02:39,583] {processor.py:153} INFO - Started process (PID=17994) to work on /home/airflow/.local/lib/python3.7/site-packages/airflow/example_dags/example_kubernetes_executor.py
[2022-07-14 00:02:39,584] {processor.py:641} INFO - Processing file /home/airflow/.local/lib/python3.7/site-packages/airflow/example_dags/example_kubernetes_executor.py for tasks to queue
[2022-07-14 00:02:39,585] {logging_mixin.py:115} INFO - [2022-07-14 00:02:39,585] {dagbag.py:508} INFO - Filling up the DagBag from /home/airflow/.local/lib/python3.7/site-packages/airflow/example_dags/example_kubernetes_executor.py
[2022-07-14 00:02:39,618] {processor.py:651} INFO - DAG(s) dict_keys(['example_kubernetes_executor']) retrieved from /home/airflow/.local/lib/python3.7/site-packages/airflow/example_dags/example_kubernetes_executor.py
[2022-07-14 00:02:39,646] {logging_mixin.py:115} INFO - [2022-07-14 00:02:39,646] {dag.py:2420} INFO - Sync 1 DAGs
[2022-07-14 00:02:39,670] {logging_mixin.py:115} INFO - [2022-07-14 00:02:39,670] {dag.py:2972} INFO - Setting next_dagrun for example_kubernetes_executor to None, run_after=None
[2022-07-14 00:02:39,683] {processor.py:161} INFO - Processing /home/airflow/.local/lib/python3.7/site-packages/airflow/example_dags/example_kubernetes_executor.py took 0.105 seconds
[2022-07-14 00:03:09,906] {processor.py:153} INFO - Started process (PID=18048) to work on /home/airflow/.local/lib/python3.7/site-packages/airflow/example_dags/example_kubernetes_executor.py
[2022-07-14 00:03:09,907] {processor.py:641} INFO - Processing file /home/airflow/.local/lib/python3.7/site-packages/airflow/example_dags/example_kubernetes_executor.py for tasks to queue
[2022-07-14 00:03:09,908] {logging_mixin.py:115} INFO - [2022-07-14 00:03:09,908] {dagbag.py:508} INFO - Filling up the DagBag from /home/airflow/.local/lib/python3.7/site-packages/airflow/example_dags/example_kubernetes_executor.py
[2022-07-14 00:03:09,940] {processor.py:651} INFO - DAG(s) dict_keys(['example_kubernetes_executor']) retrieved from /home/airflow/.local/lib/python3.7/site-packages/airflow/example_dags/example_kubernetes_executor.py
[2022-07-14 00:03:09,969] {logging_mixin.py:115} INFO - [2022-07-14 00:03:09,969] {dag.py:2420} INFO - Sync 1 DAGs
[2022-07-14 00:03:09,995] {logging_mixin.py:115} INFO - [2022-07-14 00:03:09,995] {dag.py:2972} INFO - Setting next_dagrun for example_kubernetes_executor to None, run_after=None
[2022-07-14 00:03:10,017] {processor.py:161} INFO - Processing /home/airflow/.local/lib/python3.7/site-packages/airflow/example_dags/example_kubernetes_executor.py took 0.115 seconds
[2022-07-14 00:03:40,418] {processor.py:153} INFO - Started process (PID=18111) to work on /home/airflow/.local/lib/python3.7/site-packages/airflow/example_dags/example_kubernetes_executor.py
[2022-07-14 00:03:40,418] {processor.py:641} INFO - Processing file /home/airflow/.local/lib/python3.7/site-packages/airflow/example_dags/example_kubernetes_executor.py for tasks to queue
[2022-07-14 00:03:40,419] {logging_mixin.py:115} INFO - [2022-07-14 00:03:40,419] {dagbag.py:508} INFO - Filling up the DagBag from /home/airflow/.local/lib/python3.7/site-packages/airflow/example_dags/example_kubernetes_executor.py
[2022-07-14 00:03:40,481] {processor.py:651} INFO - DAG(s) dict_keys(['example_kubernetes_executor']) retrieved from /home/airflow/.local/lib/python3.7/site-packages/airflow/example_dags/example_kubernetes_executor.py
[2022-07-14 00:03:40,556] {logging_mixin.py:115} INFO - [2022-07-14 00:03:40,556] {dag.py:2420} INFO - Sync 1 DAGs
[2022-07-14 00:03:40,606] {logging_mixin.py:115} INFO - [2022-07-14 00:03:40,605] {dag.py:2972} INFO - Setting next_dagrun for example_kubernetes_executor to None, run_after=None
[2022-07-14 00:03:40,629] {processor.py:161} INFO - Processing /home/airflow/.local/lib/python3.7/site-packages/airflow/example_dags/example_kubernetes_executor.py took 0.220 seconds
