[2022-07-14 00:00:27,339] {processor.py:153} INFO - Started process (PID=17740) to work on /home/airflow/.local/lib/python3.7/site-packages/airflow/example_dags/tutorial_taskflow_api_etl_virtualenv.py
[2022-07-14 00:00:27,344] {processor.py:641} INFO - Processing file /home/airflow/.local/lib/python3.7/site-packages/airflow/example_dags/tutorial_taskflow_api_etl_virtualenv.py for tasks to queue
[2022-07-14 00:00:27,345] {logging_mixin.py:115} INFO - [2022-07-14 00:00:27,344] {dagbag.py:508} INFO - Filling up the DagBag from /home/airflow/.local/lib/python3.7/site-packages/airflow/example_dags/tutorial_taskflow_api_etl_virtualenv.py
[2022-07-14 00:00:27,386] {processor.py:651} INFO - DAG(s) dict_keys(['tutorial_taskflow_api_etl_virtualenv']) retrieved from /home/airflow/.local/lib/python3.7/site-packages/airflow/example_dags/tutorial_taskflow_api_etl_virtualenv.py
[2022-07-14 00:00:27,529] {logging_mixin.py:115} INFO - [2022-07-14 00:00:27,529] {dag.py:2420} INFO - Sync 1 DAGs
[2022-07-14 00:00:27,569] {logging_mixin.py:115} INFO - [2022-07-14 00:00:27,569] {dag.py:2972} INFO - Setting next_dagrun for tutorial_taskflow_api_etl_virtualenv to None, run_after=None
[2022-07-14 00:00:27,590] {processor.py:161} INFO - Processing /home/airflow/.local/lib/python3.7/site-packages/airflow/example_dags/tutorial_taskflow_api_etl_virtualenv.py took 0.255 seconds
[2022-07-14 00:00:58,021] {processor.py:153} INFO - Started process (PID=17793) to work on /home/airflow/.local/lib/python3.7/site-packages/airflow/example_dags/tutorial_taskflow_api_etl_virtualenv.py
[2022-07-14 00:00:58,031] {processor.py:641} INFO - Processing file /home/airflow/.local/lib/python3.7/site-packages/airflow/example_dags/tutorial_taskflow_api_etl_virtualenv.py for tasks to queue
[2022-07-14 00:00:58,032] {logging_mixin.py:115} INFO - [2022-07-14 00:00:58,032] {dagbag.py:508} INFO - Filling up the DagBag from /home/airflow/.local/lib/python3.7/site-packages/airflow/example_dags/tutorial_taskflow_api_etl_virtualenv.py
[2022-07-14 00:00:58,057] {processor.py:651} INFO - DAG(s) dict_keys(['tutorial_taskflow_api_etl_virtualenv']) retrieved from /home/airflow/.local/lib/python3.7/site-packages/airflow/example_dags/tutorial_taskflow_api_etl_virtualenv.py
[2022-07-14 00:00:58,189] {logging_mixin.py:115} INFO - [2022-07-14 00:00:58,189] {dag.py:2420} INFO - Sync 1 DAGs
[2022-07-14 00:00:58,225] {logging_mixin.py:115} INFO - [2022-07-14 00:00:58,225] {dag.py:2972} INFO - Setting next_dagrun for tutorial_taskflow_api_etl_virtualenv to None, run_after=None
[2022-07-14 00:00:58,245] {processor.py:161} INFO - Processing /home/airflow/.local/lib/python3.7/site-packages/airflow/example_dags/tutorial_taskflow_api_etl_virtualenv.py took 0.232 seconds
[2022-07-14 00:01:29,055] {processor.py:153} INFO - Started process (PID=17856) to work on /home/airflow/.local/lib/python3.7/site-packages/airflow/example_dags/tutorial_taskflow_api_etl_virtualenv.py
[2022-07-14 00:01:29,057] {processor.py:641} INFO - Processing file /home/airflow/.local/lib/python3.7/site-packages/airflow/example_dags/tutorial_taskflow_api_etl_virtualenv.py for tasks to queue
[2022-07-14 00:01:29,057] {logging_mixin.py:115} INFO - [2022-07-14 00:01:29,057] {dagbag.py:508} INFO - Filling up the DagBag from /home/airflow/.local/lib/python3.7/site-packages/airflow/example_dags/tutorial_taskflow_api_etl_virtualenv.py
[2022-07-14 00:01:29,100] {processor.py:651} INFO - DAG(s) dict_keys(['tutorial_taskflow_api_etl_virtualenv']) retrieved from /home/airflow/.local/lib/python3.7/site-packages/airflow/example_dags/tutorial_taskflow_api_etl_virtualenv.py
[2022-07-14 00:01:29,181] {logging_mixin.py:115} INFO - [2022-07-14 00:01:29,180] {dag.py:2420} INFO - Sync 1 DAGs
[2022-07-14 00:01:29,235] {logging_mixin.py:115} INFO - [2022-07-14 00:01:29,235] {dag.py:2972} INFO - Setting next_dagrun for tutorial_taskflow_api_etl_virtualenv to None, run_after=None
[2022-07-14 00:01:29,255] {processor.py:161} INFO - Processing /home/airflow/.local/lib/python3.7/site-packages/airflow/example_dags/tutorial_taskflow_api_etl_virtualenv.py took 0.208 seconds
[2022-07-14 00:01:59,295] {processor.py:153} INFO - Started process (PID=17910) to work on /home/airflow/.local/lib/python3.7/site-packages/airflow/example_dags/tutorial_taskflow_api_etl_virtualenv.py
[2022-07-14 00:01:59,305] {processor.py:641} INFO - Processing file /home/airflow/.local/lib/python3.7/site-packages/airflow/example_dags/tutorial_taskflow_api_etl_virtualenv.py for tasks to queue
[2022-07-14 00:01:59,306] {logging_mixin.py:115} INFO - [2022-07-14 00:01:59,306] {dagbag.py:508} INFO - Filling up the DagBag from /home/airflow/.local/lib/python3.7/site-packages/airflow/example_dags/tutorial_taskflow_api_etl_virtualenv.py
[2022-07-14 00:01:59,334] {processor.py:651} INFO - DAG(s) dict_keys(['tutorial_taskflow_api_etl_virtualenv']) retrieved from /home/airflow/.local/lib/python3.7/site-packages/airflow/example_dags/tutorial_taskflow_api_etl_virtualenv.py
[2022-07-14 00:01:59,419] {logging_mixin.py:115} INFO - [2022-07-14 00:01:59,419] {dag.py:2420} INFO - Sync 1 DAGs
[2022-07-14 00:01:59,440] {logging_mixin.py:115} INFO - [2022-07-14 00:01:59,440] {dag.py:2972} INFO - Setting next_dagrun for tutorial_taskflow_api_etl_virtualenv to None, run_after=None
[2022-07-14 00:01:59,455] {processor.py:161} INFO - Processing /home/airflow/.local/lib/python3.7/site-packages/airflow/example_dags/tutorial_taskflow_api_etl_virtualenv.py took 0.168 seconds
[2022-07-14 00:02:29,730] {processor.py:153} INFO - Started process (PID=17973) to work on /home/airflow/.local/lib/python3.7/site-packages/airflow/example_dags/tutorial_taskflow_api_etl_virtualenv.py
[2022-07-14 00:02:29,730] {processor.py:641} INFO - Processing file /home/airflow/.local/lib/python3.7/site-packages/airflow/example_dags/tutorial_taskflow_api_etl_virtualenv.py for tasks to queue
[2022-07-14 00:02:29,731] {logging_mixin.py:115} INFO - [2022-07-14 00:02:29,731] {dagbag.py:508} INFO - Filling up the DagBag from /home/airflow/.local/lib/python3.7/site-packages/airflow/example_dags/tutorial_taskflow_api_etl_virtualenv.py
[2022-07-14 00:02:29,800] {processor.py:651} INFO - DAG(s) dict_keys(['tutorial_taskflow_api_etl_virtualenv']) retrieved from /home/airflow/.local/lib/python3.7/site-packages/airflow/example_dags/tutorial_taskflow_api_etl_virtualenv.py
[2022-07-14 00:02:30,057] {logging_mixin.py:115} INFO - [2022-07-14 00:02:30,057] {dag.py:2420} INFO - Sync 1 DAGs
[2022-07-14 00:02:30,079] {logging_mixin.py:115} INFO - [2022-07-14 00:02:30,079] {dag.py:2972} INFO - Setting next_dagrun for tutorial_taskflow_api_etl_virtualenv to None, run_after=None
[2022-07-14 00:02:30,095] {processor.py:161} INFO - Processing /home/airflow/.local/lib/python3.7/site-packages/airflow/example_dags/tutorial_taskflow_api_etl_virtualenv.py took 0.374 seconds
[2022-07-14 00:03:00,175] {processor.py:153} INFO - Started process (PID=18036) to work on /home/airflow/.local/lib/python3.7/site-packages/airflow/example_dags/tutorial_taskflow_api_etl_virtualenv.py
[2022-07-14 00:03:00,180] {processor.py:641} INFO - Processing file /home/airflow/.local/lib/python3.7/site-packages/airflow/example_dags/tutorial_taskflow_api_etl_virtualenv.py for tasks to queue
[2022-07-14 00:03:00,181] {logging_mixin.py:115} INFO - [2022-07-14 00:03:00,181] {dagbag.py:508} INFO - Filling up the DagBag from /home/airflow/.local/lib/python3.7/site-packages/airflow/example_dags/tutorial_taskflow_api_etl_virtualenv.py
[2022-07-14 00:03:00,213] {processor.py:651} INFO - DAG(s) dict_keys(['tutorial_taskflow_api_etl_virtualenv']) retrieved from /home/airflow/.local/lib/python3.7/site-packages/airflow/example_dags/tutorial_taskflow_api_etl_virtualenv.py
[2022-07-14 00:03:00,365] {logging_mixin.py:115} INFO - [2022-07-14 00:03:00,365] {dag.py:2420} INFO - Sync 1 DAGs
[2022-07-14 00:03:00,403] {logging_mixin.py:115} INFO - [2022-07-14 00:03:00,403] {dag.py:2972} INFO - Setting next_dagrun for tutorial_taskflow_api_etl_virtualenv to None, run_after=None
[2022-07-14 00:03:00,424] {processor.py:161} INFO - Processing /home/airflow/.local/lib/python3.7/site-packages/airflow/example_dags/tutorial_taskflow_api_etl_virtualenv.py took 0.253 seconds
[2022-07-14 00:03:30,752] {processor.py:153} INFO - Started process (PID=18090) to work on /home/airflow/.local/lib/python3.7/site-packages/airflow/example_dags/tutorial_taskflow_api_etl_virtualenv.py
[2022-07-14 00:03:30,761] {processor.py:641} INFO - Processing file /home/airflow/.local/lib/python3.7/site-packages/airflow/example_dags/tutorial_taskflow_api_etl_virtualenv.py for tasks to queue
[2022-07-14 00:03:30,762] {logging_mixin.py:115} INFO - [2022-07-14 00:03:30,762] {dagbag.py:508} INFO - Filling up the DagBag from /home/airflow/.local/lib/python3.7/site-packages/airflow/example_dags/tutorial_taskflow_api_etl_virtualenv.py
[2022-07-14 00:03:30,811] {processor.py:651} INFO - DAG(s) dict_keys(['tutorial_taskflow_api_etl_virtualenv']) retrieved from /home/airflow/.local/lib/python3.7/site-packages/airflow/example_dags/tutorial_taskflow_api_etl_virtualenv.py
[2022-07-14 00:03:30,966] {logging_mixin.py:115} INFO - [2022-07-14 00:03:30,966] {dag.py:2420} INFO - Sync 1 DAGs
[2022-07-14 00:03:30,992] {logging_mixin.py:115} INFO - [2022-07-14 00:03:30,992] {dag.py:2972} INFO - Setting next_dagrun for tutorial_taskflow_api_etl_virtualenv to None, run_after=None
[2022-07-14 00:03:31,008] {processor.py:161} INFO - Processing /home/airflow/.local/lib/python3.7/site-packages/airflow/example_dags/tutorial_taskflow_api_etl_virtualenv.py took 0.260 seconds
[2022-07-14 00:04:01,705] {processor.py:153} INFO - Started process (PID=18155) to work on /home/airflow/.local/lib/python3.7/site-packages/airflow/example_dags/tutorial_taskflow_api_etl_virtualenv.py
[2022-07-14 00:04:01,706] {processor.py:641} INFO - Processing file /home/airflow/.local/lib/python3.7/site-packages/airflow/example_dags/tutorial_taskflow_api_etl_virtualenv.py for tasks to queue
[2022-07-14 00:04:01,707] {logging_mixin.py:115} INFO - [2022-07-14 00:04:01,707] {dagbag.py:508} INFO - Filling up the DagBag from /home/airflow/.local/lib/python3.7/site-packages/airflow/example_dags/tutorial_taskflow_api_etl_virtualenv.py
[2022-07-14 00:04:01,727] {processor.py:651} INFO - DAG(s) dict_keys(['tutorial_taskflow_api_etl_virtualenv']) retrieved from /home/airflow/.local/lib/python3.7/site-packages/airflow/example_dags/tutorial_taskflow_api_etl_virtualenv.py
[2022-07-14 00:04:01,753] {logging_mixin.py:115} INFO - [2022-07-14 00:04:01,753] {dag.py:2420} INFO - Sync 1 DAGs
[2022-07-14 00:04:01,783] {logging_mixin.py:115} INFO - [2022-07-14 00:04:01,782] {dag.py:2972} INFO - Setting next_dagrun for tutorial_taskflow_api_etl_virtualenv to None, run_after=None
[2022-07-14 00:04:01,800] {processor.py:161} INFO - Processing /home/airflow/.local/lib/python3.7/site-packages/airflow/example_dags/tutorial_taskflow_api_etl_virtualenv.py took 0.098 seconds
