[2022-07-14 00:00:20,387] {processor.py:153} INFO - Started process (PID=17719) to work on /home/airflow/.local/lib/python3.7/site-packages/airflow/example_dags/tutorial_taskflow_api_etl.py
[2022-07-14 00:00:20,388] {processor.py:641} INFO - Processing file /home/airflow/.local/lib/python3.7/site-packages/airflow/example_dags/tutorial_taskflow_api_etl.py for tasks to queue
[2022-07-14 00:00:20,389] {logging_mixin.py:115} INFO - [2022-07-14 00:00:20,389] {dagbag.py:508} INFO - Filling up the DagBag from /home/airflow/.local/lib/python3.7/site-packages/airflow/example_dags/tutorial_taskflow_api_etl.py
[2022-07-14 00:00:20,436] {processor.py:651} INFO - DAG(s) dict_keys(['tutorial_taskflow_api_etl']) retrieved from /home/airflow/.local/lib/python3.7/site-packages/airflow/example_dags/tutorial_taskflow_api_etl.py
[2022-07-14 00:00:20,537] {logging_mixin.py:115} INFO - [2022-07-14 00:00:20,537] {dag.py:2420} INFO - Sync 1 DAGs
[2022-07-14 00:00:20,560] {logging_mixin.py:115} INFO - [2022-07-14 00:00:20,560] {dag.py:2972} INFO - Setting next_dagrun for tutorial_taskflow_api_etl to None, run_after=None
[2022-07-14 00:00:20,578] {processor.py:161} INFO - Processing /home/airflow/.local/lib/python3.7/site-packages/airflow/example_dags/tutorial_taskflow_api_etl.py took 0.200 seconds
[2022-07-14 00:00:50,604] {processor.py:153} INFO - Started process (PID=17781) to work on /home/airflow/.local/lib/python3.7/site-packages/airflow/example_dags/tutorial_taskflow_api_etl.py
[2022-07-14 00:00:50,605] {processor.py:641} INFO - Processing file /home/airflow/.local/lib/python3.7/site-packages/airflow/example_dags/tutorial_taskflow_api_etl.py for tasks to queue
[2022-07-14 00:00:50,605] {logging_mixin.py:115} INFO - [2022-07-14 00:00:50,605] {dagbag.py:508} INFO - Filling up the DagBag from /home/airflow/.local/lib/python3.7/site-packages/airflow/example_dags/tutorial_taskflow_api_etl.py
[2022-07-14 00:00:50,623] {processor.py:651} INFO - DAG(s) dict_keys(['tutorial_taskflow_api_etl']) retrieved from /home/airflow/.local/lib/python3.7/site-packages/airflow/example_dags/tutorial_taskflow_api_etl.py
[2022-07-14 00:00:50,707] {logging_mixin.py:115} INFO - [2022-07-14 00:00:50,706] {dag.py:2420} INFO - Sync 1 DAGs
[2022-07-14 00:00:50,732] {logging_mixin.py:115} INFO - [2022-07-14 00:00:50,732] {dag.py:2972} INFO - Setting next_dagrun for tutorial_taskflow_api_etl to None, run_after=None
[2022-07-14 00:00:50,753] {processor.py:161} INFO - Processing /home/airflow/.local/lib/python3.7/site-packages/airflow/example_dags/tutorial_taskflow_api_etl.py took 0.155 seconds
[2022-07-14 00:01:20,777] {processor.py:153} INFO - Started process (PID=17836) to work on /home/airflow/.local/lib/python3.7/site-packages/airflow/example_dags/tutorial_taskflow_api_etl.py
[2022-07-14 00:01:20,778] {processor.py:641} INFO - Processing file /home/airflow/.local/lib/python3.7/site-packages/airflow/example_dags/tutorial_taskflow_api_etl.py for tasks to queue
[2022-07-14 00:01:20,779] {logging_mixin.py:115} INFO - [2022-07-14 00:01:20,779] {dagbag.py:508} INFO - Filling up the DagBag from /home/airflow/.local/lib/python3.7/site-packages/airflow/example_dags/tutorial_taskflow_api_etl.py
[2022-07-14 00:01:20,799] {processor.py:651} INFO - DAG(s) dict_keys(['tutorial_taskflow_api_etl']) retrieved from /home/airflow/.local/lib/python3.7/site-packages/airflow/example_dags/tutorial_taskflow_api_etl.py
[2022-07-14 00:01:20,876] {logging_mixin.py:115} INFO - [2022-07-14 00:01:20,876] {dag.py:2420} INFO - Sync 1 DAGs
[2022-07-14 00:01:20,900] {logging_mixin.py:115} INFO - [2022-07-14 00:01:20,900] {dag.py:2972} INFO - Setting next_dagrun for tutorial_taskflow_api_etl to None, run_after=None
[2022-07-14 00:01:20,915] {processor.py:161} INFO - Processing /home/airflow/.local/lib/python3.7/site-packages/airflow/example_dags/tutorial_taskflow_api_etl.py took 0.142 seconds
[2022-07-14 00:01:51,792] {processor.py:153} INFO - Started process (PID=17898) to work on /home/airflow/.local/lib/python3.7/site-packages/airflow/example_dags/tutorial_taskflow_api_etl.py
[2022-07-14 00:01:51,799] {processor.py:641} INFO - Processing file /home/airflow/.local/lib/python3.7/site-packages/airflow/example_dags/tutorial_taskflow_api_etl.py for tasks to queue
[2022-07-14 00:01:51,800] {logging_mixin.py:115} INFO - [2022-07-14 00:01:51,800] {dagbag.py:508} INFO - Filling up the DagBag from /home/airflow/.local/lib/python3.7/site-packages/airflow/example_dags/tutorial_taskflow_api_etl.py
[2022-07-14 00:01:51,879] {processor.py:651} INFO - DAG(s) dict_keys(['tutorial_taskflow_api_etl']) retrieved from /home/airflow/.local/lib/python3.7/site-packages/airflow/example_dags/tutorial_taskflow_api_etl.py
[2022-07-14 00:01:51,945] {logging_mixin.py:115} INFO - [2022-07-14 00:01:51,945] {dag.py:2420} INFO - Sync 1 DAGs
[2022-07-14 00:01:52,001] {logging_mixin.py:115} INFO - [2022-07-14 00:01:52,001] {dag.py:2972} INFO - Setting next_dagrun for tutorial_taskflow_api_etl to None, run_after=None
[2022-07-14 00:01:52,030] {processor.py:161} INFO - Processing /home/airflow/.local/lib/python3.7/site-packages/airflow/example_dags/tutorial_taskflow_api_etl.py took 0.258 seconds
[2022-07-14 00:02:22,697] {processor.py:153} INFO - Started process (PID=17952) to work on /home/airflow/.local/lib/python3.7/site-packages/airflow/example_dags/tutorial_taskflow_api_etl.py
[2022-07-14 00:02:22,697] {processor.py:641} INFO - Processing file /home/airflow/.local/lib/python3.7/site-packages/airflow/example_dags/tutorial_taskflow_api_etl.py for tasks to queue
[2022-07-14 00:02:22,698] {logging_mixin.py:115} INFO - [2022-07-14 00:02:22,698] {dagbag.py:508} INFO - Filling up the DagBag from /home/airflow/.local/lib/python3.7/site-packages/airflow/example_dags/tutorial_taskflow_api_etl.py
[2022-07-14 00:02:22,716] {processor.py:651} INFO - DAG(s) dict_keys(['tutorial_taskflow_api_etl']) retrieved from /home/airflow/.local/lib/python3.7/site-packages/airflow/example_dags/tutorial_taskflow_api_etl.py
[2022-07-14 00:02:22,793] {logging_mixin.py:115} INFO - [2022-07-14 00:02:22,793] {dag.py:2420} INFO - Sync 1 DAGs
[2022-07-14 00:02:22,815] {logging_mixin.py:115} INFO - [2022-07-14 00:02:22,815] {dag.py:2972} INFO - Setting next_dagrun for tutorial_taskflow_api_etl to None, run_after=None
[2022-07-14 00:02:22,830] {processor.py:161} INFO - Processing /home/airflow/.local/lib/python3.7/site-packages/airflow/example_dags/tutorial_taskflow_api_etl.py took 0.137 seconds
[2022-07-14 00:02:53,585] {processor.py:153} INFO - Started process (PID=18015) to work on /home/airflow/.local/lib/python3.7/site-packages/airflow/example_dags/tutorial_taskflow_api_etl.py
[2022-07-14 00:02:53,592] {processor.py:641} INFO - Processing file /home/airflow/.local/lib/python3.7/site-packages/airflow/example_dags/tutorial_taskflow_api_etl.py for tasks to queue
[2022-07-14 00:02:53,593] {logging_mixin.py:115} INFO - [2022-07-14 00:02:53,592] {dagbag.py:508} INFO - Filling up the DagBag from /home/airflow/.local/lib/python3.7/site-packages/airflow/example_dags/tutorial_taskflow_api_etl.py
[2022-07-14 00:02:53,664] {processor.py:651} INFO - DAG(s) dict_keys(['tutorial_taskflow_api_etl']) retrieved from /home/airflow/.local/lib/python3.7/site-packages/airflow/example_dags/tutorial_taskflow_api_etl.py
[2022-07-14 00:02:54,044] {logging_mixin.py:115} INFO - [2022-07-14 00:02:54,044] {dag.py:2420} INFO - Sync 1 DAGs
[2022-07-14 00:02:54,127] {logging_mixin.py:115} INFO - [2022-07-14 00:02:54,127] {dag.py:2972} INFO - Setting next_dagrun for tutorial_taskflow_api_etl to None, run_after=None
[2022-07-14 00:02:54,178] {processor.py:161} INFO - Processing /home/airflow/.local/lib/python3.7/site-packages/airflow/example_dags/tutorial_taskflow_api_etl.py took 0.601 seconds
