[2022-07-13 00:55:19,781] {taskinstance.py:1179} INFO - Dependencies all met for <TaskInstance: user_processing.process_user manual__2022-07-13T00:55:11.357468+00:00 [queued]>
[2022-07-13 00:55:19,862] {taskinstance.py:1179} INFO - Dependencies all met for <TaskInstance: user_processing.process_user manual__2022-07-13T00:55:11.357468+00:00 [queued]>
[2022-07-13 00:55:19,862] {taskinstance.py:1376} INFO - 
--------------------------------------------------------------------------------
[2022-07-13 00:55:19,862] {taskinstance.py:1377} INFO - Starting attempt 1 of 1
[2022-07-13 00:55:19,862] {taskinstance.py:1378} INFO - 
--------------------------------------------------------------------------------
[2022-07-13 00:55:19,923] {taskinstance.py:1397} INFO - Executing <Task(PythonOperator): process_user> on 2022-07-13 00:55:11.357468+00:00
[2022-07-13 00:55:19,934] {standard_task_runner.py:52} INFO - Started process 11007 to run task
[2022-07-13 00:55:19,938] {standard_task_runner.py:79} INFO - Running: ['***', 'tasks', 'run', 'user_processing', 'process_user', 'manual__2022-07-13T00:55:11.357468+00:00', '--job-id', '17', '--raw', '--subdir', 'DAGS_FOLDER/user_processing.py', '--cfg-path', '/tmp/tmpo0n42jwn', '--error-file', '/tmp/tmpu9harxvi']
[2022-07-13 00:55:19,956] {standard_task_runner.py:80} INFO - Job 17: Subtask process_user
[2022-07-13 00:55:20,276] {task_command.py:371} INFO - Running <TaskInstance: user_processing.process_user manual__2022-07-13T00:55:11.357468+00:00 [running]> on host b0c7b58a654d
[2022-07-13 00:55:20,732] {taskinstance.py:1591} INFO - Exporting the following env vars:
AIRFLOW_CTX_DAG_OWNER=***
AIRFLOW_CTX_DAG_ID=user_processing
AIRFLOW_CTX_TASK_ID=process_user
AIRFLOW_CTX_EXECUTION_DATE=2022-07-13T00:55:11.357468+00:00
AIRFLOW_CTX_TRY_NUMBER=1
AIRFLOW_CTX_DAG_RUN_ID=manual__2022-07-13T00:55:11.357468+00:00
[2022-07-13 00:55:20,930] {python.py:173} INFO - Done. Returned value was: None
[2022-07-13 00:55:21,024] {taskinstance.py:1420} INFO - Marking task as SUCCESS. dag_id=user_processing, task_id=process_user, execution_date=20220713T005511, start_date=20220713T005519, end_date=20220713T005521
[2022-07-13 00:55:21,196] {local_task_job.py:156} INFO - Task exited with return code 0
[2022-07-13 00:55:21,387] {local_task_job.py:273} INFO - 1 downstream tasks scheduled from follow-on schedule check
