[2022-07-14 00:00:21,617] {processor.py:153} INFO - Started process (PID=17721) to work on /opt/airflow/dags/user_processing.py
[2022-07-14 00:00:21,618] {processor.py:641} INFO - Processing file /opt/airflow/dags/user_processing.py for tasks to queue
[2022-07-14 00:00:21,620] {logging_mixin.py:115} INFO - [2022-07-14 00:00:21,620] {dagbag.py:508} INFO - Filling up the DagBag from /opt/airflow/dags/user_processing.py
[2022-07-14 00:00:21,949] {processor.py:651} INFO - DAG(s) dict_keys(['user_processing']) retrieved from /opt/airflow/dags/user_processing.py
[2022-07-14 00:00:22,003] {logging_mixin.py:115} INFO - [2022-07-14 00:00:22,001] {dag.py:2420} INFO - Sync 1 DAGs
[2022-07-14 00:00:22,041] {logging_mixin.py:115} INFO - [2022-07-14 00:00:22,040] {dag.py:2972} INFO - Setting next_dagrun for user_processing to 2022-07-14T00:00:00+00:00, run_after=2022-07-15T00:00:00+00:00
[2022-07-14 00:00:22,059] {processor.py:161} INFO - Processing /opt/airflow/dags/user_processing.py took 0.451 seconds
[2022-07-14 00:00:52,955] {processor.py:153} INFO - Started process (PID=17785) to work on /opt/airflow/dags/user_processing.py
[2022-07-14 00:00:52,965] {processor.py:641} INFO - Processing file /opt/airflow/dags/user_processing.py for tasks to queue
[2022-07-14 00:00:52,966] {logging_mixin.py:115} INFO - [2022-07-14 00:00:52,966] {dagbag.py:508} INFO - Filling up the DagBag from /opt/airflow/dags/user_processing.py
[2022-07-14 00:00:53,581] {processor.py:651} INFO - DAG(s) dict_keys(['user_processing']) retrieved from /opt/airflow/dags/user_processing.py
[2022-07-14 00:00:53,646] {logging_mixin.py:115} INFO - [2022-07-14 00:00:53,645] {dag.py:2420} INFO - Sync 1 DAGs
[2022-07-14 00:00:53,696] {logging_mixin.py:115} INFO - [2022-07-14 00:00:53,696] {dag.py:2972} INFO - Setting next_dagrun for user_processing to 2022-07-14T00:00:00+00:00, run_after=2022-07-15T00:00:00+00:00
[2022-07-14 00:00:53,721] {processor.py:161} INFO - Processing /opt/airflow/dags/user_processing.py took 0.777 seconds
[2022-07-14 00:01:24,080] {processor.py:153} INFO - Started process (PID=17846) to work on /opt/airflow/dags/user_processing.py
[2022-07-14 00:01:24,091] {processor.py:641} INFO - Processing file /opt/airflow/dags/user_processing.py for tasks to queue
[2022-07-14 00:01:24,092] {logging_mixin.py:115} INFO - [2022-07-14 00:01:24,092] {dagbag.py:508} INFO - Filling up the DagBag from /opt/airflow/dags/user_processing.py
[2022-07-14 00:01:24,545] {processor.py:651} INFO - DAG(s) dict_keys(['user_processing']) retrieved from /opt/airflow/dags/user_processing.py
[2022-07-14 00:01:24,633] {logging_mixin.py:115} INFO - [2022-07-14 00:01:24,632] {dag.py:2420} INFO - Sync 1 DAGs
[2022-07-14 00:01:24,669] {logging_mixin.py:115} INFO - [2022-07-14 00:01:24,669] {dag.py:2972} INFO - Setting next_dagrun for user_processing to 2022-07-14T00:00:00+00:00, run_after=2022-07-15T00:00:00+00:00
[2022-07-14 00:01:24,690] {processor.py:161} INFO - Processing /opt/airflow/dags/user_processing.py took 0.614 seconds
[2022-07-14 00:01:55,610] {processor.py:153} INFO - Started process (PID=17904) to work on /opt/airflow/dags/user_processing.py
[2022-07-14 00:01:55,611] {processor.py:641} INFO - Processing file /opt/airflow/dags/user_processing.py for tasks to queue
[2022-07-14 00:01:55,612] {logging_mixin.py:115} INFO - [2022-07-14 00:01:55,612] {dagbag.py:508} INFO - Filling up the DagBag from /opt/airflow/dags/user_processing.py
[2022-07-14 00:01:55,973] {processor.py:651} INFO - DAG(s) dict_keys(['user_processing']) retrieved from /opt/airflow/dags/user_processing.py
[2022-07-14 00:01:56,024] {logging_mixin.py:115} INFO - [2022-07-14 00:01:56,015] {dag.py:2420} INFO - Sync 1 DAGs
[2022-07-14 00:01:56,076] {logging_mixin.py:115} INFO - [2022-07-14 00:01:56,076] {dag.py:2972} INFO - Setting next_dagrun for user_processing to 2022-07-14T00:00:00+00:00, run_after=2022-07-15T00:00:00+00:00
[2022-07-14 00:01:56,088] {processor.py:161} INFO - Processing /opt/airflow/dags/user_processing.py took 0.483 seconds
[2022-07-14 00:02:26,228] {processor.py:153} INFO - Started process (PID=17967) to work on /opt/airflow/dags/user_processing.py
[2022-07-14 00:02:26,228] {processor.py:641} INFO - Processing file /opt/airflow/dags/user_processing.py for tasks to queue
[2022-07-14 00:02:26,229] {logging_mixin.py:115} INFO - [2022-07-14 00:02:26,229] {dagbag.py:508} INFO - Filling up the DagBag from /opt/airflow/dags/user_processing.py
[2022-07-14 00:02:26,551] {processor.py:651} INFO - DAG(s) dict_keys(['user_processing']) retrieved from /opt/airflow/dags/user_processing.py
[2022-07-14 00:02:26,600] {logging_mixin.py:115} INFO - [2022-07-14 00:02:26,599] {dag.py:2420} INFO - Sync 1 DAGs
[2022-07-14 00:02:26,630] {logging_mixin.py:115} INFO - [2022-07-14 00:02:26,630] {dag.py:2972} INFO - Setting next_dagrun for user_processing to 2022-07-14T00:00:00+00:00, run_after=2022-07-15T00:00:00+00:00
[2022-07-14 00:02:26,643] {processor.py:161} INFO - Processing /opt/airflow/dags/user_processing.py took 0.422 seconds
[2022-07-14 00:02:56,737] {processor.py:153} INFO - Started process (PID=18022) to work on /opt/airflow/dags/user_processing.py
[2022-07-14 00:02:56,738] {processor.py:641} INFO - Processing file /opt/airflow/dags/user_processing.py for tasks to queue
[2022-07-14 00:02:56,739] {logging_mixin.py:115} INFO - [2022-07-14 00:02:56,739] {dagbag.py:508} INFO - Filling up the DagBag from /opt/airflow/dags/user_processing.py
[2022-07-14 00:02:57,042] {processor.py:651} INFO - DAG(s) dict_keys(['user_processing']) retrieved from /opt/airflow/dags/user_processing.py
[2022-07-14 00:02:57,089] {logging_mixin.py:115} INFO - [2022-07-14 00:02:57,089] {dag.py:2420} INFO - Sync 1 DAGs
[2022-07-14 00:02:57,120] {logging_mixin.py:115} INFO - [2022-07-14 00:02:57,120] {dag.py:2972} INFO - Setting next_dagrun for user_processing to 2022-07-14T00:00:00+00:00, run_after=2022-07-15T00:00:00+00:00
[2022-07-14 00:02:57,135] {processor.py:161} INFO - Processing /opt/airflow/dags/user_processing.py took 0.401 seconds
