[2022-07-14 00:00:07,841] {taskinstance.py:1179} INFO - Dependencies all met for <TaskInstance: user_processing.process_user scheduled__2022-07-13T00:00:00+00:00 [queued]>
[2022-07-14 00:00:07,852] {taskinstance.py:1179} INFO - Dependencies all met for <TaskInstance: user_processing.process_user scheduled__2022-07-13T00:00:00+00:00 [queued]>
[2022-07-14 00:00:07,853] {taskinstance.py:1376} INFO - 
--------------------------------------------------------------------------------
[2022-07-14 00:00:07,853] {taskinstance.py:1377} INFO - Starting attempt 1 of 1
[2022-07-14 00:00:07,853] {taskinstance.py:1378} INFO - 
--------------------------------------------------------------------------------
[2022-07-14 00:00:07,870] {taskinstance.py:1397} INFO - Executing <Task(PythonOperator): process_user> on 2022-07-13 00:00:00+00:00
[2022-07-14 00:00:07,874] {standard_task_runner.py:52} INFO - Started process 19177 to run task
[2022-07-14 00:00:07,877] {standard_task_runner.py:79} INFO - Running: ['***', 'tasks', 'run', 'user_processing', 'process_user', 'scheduled__2022-07-13T00:00:00+00:00', '--job-id', '29', '--raw', '--subdir', 'DAGS_FOLDER/user_processing.py', '--cfg-path', '/tmp/tmpj_bt649y', '--error-file', '/tmp/tmp2xk4wd_t']
[2022-07-14 00:00:07,879] {standard_task_runner.py:80} INFO - Job 29: Subtask process_user
[2022-07-14 00:00:07,959] {task_command.py:371} INFO - Running <TaskInstance: user_processing.process_user scheduled__2022-07-13T00:00:00+00:00 [running]> on host b0c7b58a654d
[2022-07-14 00:00:08,043] {taskinstance.py:1591} INFO - Exporting the following env vars:
AIRFLOW_CTX_DAG_OWNER=***
AIRFLOW_CTX_DAG_ID=user_processing
AIRFLOW_CTX_TASK_ID=process_user
AIRFLOW_CTX_EXECUTION_DATE=2022-07-13T00:00:00+00:00
AIRFLOW_CTX_TRY_NUMBER=1
AIRFLOW_CTX_DAG_RUN_ID=scheduled__2022-07-13T00:00:00+00:00
[2022-07-14 00:00:08,070] {python.py:173} INFO - Done. Returned value was: None
[2022-07-14 00:00:08,085] {taskinstance.py:1420} INFO - Marking task as SUCCESS. dag_id=user_processing, task_id=process_user, execution_date=20220713T000000, start_date=20220714T000007, end_date=20220714T000008
[2022-07-14 00:00:08,130] {local_task_job.py:156} INFO - Task exited with return code 0
[2022-07-14 00:00:08,170] {local_task_job.py:273} INFO - 1 downstream tasks scheduled from follow-on schedule check
