[2022-07-13 00:01:25,132] {taskinstance.py:1179} INFO - Dependencies all met for <TaskInstance: user_processing.create_table manual__2022-07-13T00:01:22.893844+00:00 [queued]>
[2022-07-13 00:01:25,153] {taskinstance.py:1179} INFO - Dependencies all met for <TaskInstance: user_processing.create_table manual__2022-07-13T00:01:22.893844+00:00 [queued]>
[2022-07-13 00:01:25,153] {taskinstance.py:1376} INFO - 
--------------------------------------------------------------------------------
[2022-07-13 00:01:25,153] {taskinstance.py:1377} INFO - Starting attempt 1 of 1
[2022-07-13 00:01:25,153] {taskinstance.py:1378} INFO - 
--------------------------------------------------------------------------------
[2022-07-13 00:01:25,202] {taskinstance.py:1397} INFO - Executing <Task(PostgresOperator): create_table> on 2022-07-13 00:01:22.893844+00:00
[2022-07-13 00:01:25,211] {standard_task_runner.py:52} INFO - Started process 8614 to run task
[2022-07-13 00:01:25,233] {standard_task_runner.py:79} INFO - Running: ['***', 'tasks', 'run', 'user_processing', 'create_table', 'manual__2022-07-13T00:01:22.893844+00:00', '--job-id', '8', '--raw', '--subdir', 'DAGS_FOLDER/user_processing.py', '--cfg-path', '/tmp/tmp0_mgr5gu', '--error-file', '/tmp/tmpchjdjxxb']
[2022-07-13 00:01:25,235] {standard_task_runner.py:80} INFO - Job 8: Subtask create_table
[2022-07-13 00:01:25,392] {task_command.py:371} INFO - Running <TaskInstance: user_processing.create_table manual__2022-07-13T00:01:22.893844+00:00 [running]> on host b0c7b58a654d
[2022-07-13 00:01:25,578] {taskinstance.py:1591} INFO - Exporting the following env vars:
AIRFLOW_CTX_DAG_OWNER=***
AIRFLOW_CTX_DAG_ID=user_processing
AIRFLOW_CTX_TASK_ID=create_table
AIRFLOW_CTX_EXECUTION_DATE=2022-07-13T00:01:22.893844+00:00
AIRFLOW_CTX_TRY_NUMBER=1
AIRFLOW_CTX_DAG_RUN_ID=manual__2022-07-13T00:01:22.893844+00:00
[2022-07-13 00:01:25,602] {base.py:68} INFO - Using connection ID 'postgres' for task execution.
[2022-07-13 00:01:25,606] {dbapi.py:231} INFO - Running statement: 
            CREATE TABLE IF NOT EXISTS users (
                firstname TEXT NOT NULL,
                lastname TEXT NOT NULL,
                country TEXT NOT NULL,
                username TEXT NOT NULL,
                password TEXT NOT NULL,
                email TEXT NOT NULL
            );
            , parameters: None
[2022-07-13 00:01:25,654] {taskinstance.py:1420} INFO - Marking task as SUCCESS. dag_id=user_processing, task_id=create_table, execution_date=20220713T000122, start_date=20220713T000125, end_date=20220713T000125
[2022-07-13 00:01:25,709] {local_task_job.py:156} INFO - Task exited with return code 0
[2022-07-13 00:01:25,789] {local_task_job.py:273} INFO - 1 downstream tasks scheduled from follow-on schedule check
