[2022-07-13 01:13:10,738] {taskinstance.py:1179} INFO - Dependencies all met for <TaskInstance: user_processing.extract_user manual__2022-07-13T01:13:04.288134+00:00 [queued]>
[2022-07-13 01:13:10,751] {taskinstance.py:1179} INFO - Dependencies all met for <TaskInstance: user_processing.extract_user manual__2022-07-13T01:13:04.288134+00:00 [queued]>
[2022-07-13 01:13:10,752] {taskinstance.py:1376} INFO - 
--------------------------------------------------------------------------------
[2022-07-13 01:13:10,752] {taskinstance.py:1377} INFO - Starting attempt 1 of 1
[2022-07-13 01:13:10,752] {taskinstance.py:1378} INFO - 
--------------------------------------------------------------------------------
[2022-07-13 01:13:10,771] {taskinstance.py:1397} INFO - Executing <Task(SimpleHttpOperator): extract_user> on 2022-07-13 01:13:04.288134+00:00
[2022-07-13 01:13:10,777] {standard_task_runner.py:52} INFO - Started process 11769 to run task
[2022-07-13 01:13:10,781] {standard_task_runner.py:79} INFO - Running: ['***', 'tasks', 'run', 'user_processing', 'extract_user', 'manual__2022-07-13T01:13:04.288134+00:00', '--job-id', '21', '--raw', '--subdir', 'DAGS_FOLDER/user_processing.py', '--cfg-path', '/tmp/tmpfwi01_08', '--error-file', '/tmp/tmpxsi_wrwx']
[2022-07-13 01:13:10,782] {standard_task_runner.py:80} INFO - Job 21: Subtask extract_user
[2022-07-13 01:13:10,874] {task_command.py:371} INFO - Running <TaskInstance: user_processing.extract_user manual__2022-07-13T01:13:04.288134+00:00 [running]> on host b0c7b58a654d
[2022-07-13 01:13:10,985] {taskinstance.py:1591} INFO - Exporting the following env vars:
AIRFLOW_CTX_DAG_OWNER=***
AIRFLOW_CTX_DAG_ID=user_processing
AIRFLOW_CTX_TASK_ID=extract_user
AIRFLOW_CTX_EXECUTION_DATE=2022-07-13T01:13:04.288134+00:00
AIRFLOW_CTX_TRY_NUMBER=1
AIRFLOW_CTX_DAG_RUN_ID=manual__2022-07-13T01:13:04.288134+00:00
[2022-07-13 01:13:10,987] {http.py:102} INFO - Calling HTTP method
[2022-07-13 01:13:11,004] {base.py:68} INFO - Using connection ID 'user_api' for task execution.
[2022-07-13 01:13:11,007] {http.py:129} INFO - Sending 'GET' to url: https://randomuser.me/api/
[2022-07-13 01:13:11,628] {http.py:106} INFO - {"results":[{"gender":"female","name":{"title":"Ms","first":"Ellen","last":"Hall"},"location":{"street":{"number":9383,"name":"Church Street"},"city":"Dundee","state":"Lancashire","country":"United Kingdom","postcode":"ZH2Y 1ZT","coordinates":{"latitude":"-9.4706","longitude":"36.9625"},"timezone":{"offset":"+6:00","description":"Almaty, Dhaka, Colombo"}},"email":"ellen.hall@example.com","login":{"uuid":"55fcf249-2acf-4a05-8263-3c071dc76092","username":"brownduck809","password":"goldstar","salt":"PU9OcxGi","md5":"968042afccd3351b0724c5e4a4528941","sha1":"9424863d95545ed17b8a10f586d73f4004843be6","sha256":"18c40db277e297774d8b246787842923700e20bed404fbbc5c3e32879f6eb3f1"},"dob":{"date":"1946-09-21T17:04:09.195Z","age":75},"registered":{"date":"2011-09-24T19:10:00.199Z","age":10},"phone":"015394 78264","cell":"07399 504729","id":{"name":"NINO","value":"GE 09 08 27 T"},"picture":{"large":"https://randomuser.me/api/portraits/women/11.jpg","medium":"https://randomuser.me/api/portraits/med/women/11.jpg","thumbnail":"https://randomuser.me/api/portraits/thumb/women/11.jpg"},"nat":"GB"}],"info":{"seed":"ea2049b548013b41","results":1,"page":1,"version":"1.4"}}
[2022-07-13 01:13:11,693] {taskinstance.py:1420} INFO - Marking task as SUCCESS. dag_id=user_processing, task_id=extract_user, execution_date=20220713T011304, start_date=20220713T011310, end_date=20220713T011311
[2022-07-13 01:13:11,757] {local_task_job.py:156} INFO - Task exited with return code 0
[2022-07-13 01:13:11,818] {local_task_job.py:273} INFO - 1 downstream tasks scheduled from follow-on schedule check
