[2022-07-13 00:55:23,276] {taskinstance.py:1179} INFO - Dependencies all met for <TaskInstance: user_processing.store_user manual__2022-07-13T00:55:11.357468+00:00 [queued]>
[2022-07-13 00:55:23,289] {taskinstance.py:1179} INFO - Dependencies all met for <TaskInstance: user_processing.store_user manual__2022-07-13T00:55:11.357468+00:00 [queued]>
[2022-07-13 00:55:23,289] {taskinstance.py:1376} INFO - 
--------------------------------------------------------------------------------
[2022-07-13 00:55:23,289] {taskinstance.py:1377} INFO - Starting attempt 1 of 1
[2022-07-13 00:55:23,290] {taskinstance.py:1378} INFO - 
--------------------------------------------------------------------------------
[2022-07-13 00:55:23,330] {taskinstance.py:1397} INFO - Executing <Task(PythonOperator): store_user> on 2022-07-13 00:55:11.357468+00:00
[2022-07-13 00:55:23,335] {standard_task_runner.py:52} INFO - Started process 11010 to run task
[2022-07-13 00:55:23,343] {standard_task_runner.py:79} INFO - Running: ['***', 'tasks', 'run', 'user_processing', 'store_user', 'manual__2022-07-13T00:55:11.357468+00:00', '--job-id', '18', '--raw', '--subdir', 'DAGS_FOLDER/user_processing.py', '--cfg-path', '/tmp/tmpv_jn7sk8', '--error-file', '/tmp/tmp2vqerh8v']
[2022-07-13 00:55:23,345] {standard_task_runner.py:80} INFO - Job 18: Subtask store_user
[2022-07-13 00:55:23,446] {task_command.py:371} INFO - Running <TaskInstance: user_processing.store_user manual__2022-07-13T00:55:11.357468+00:00 [running]> on host b0c7b58a654d
[2022-07-13 00:55:23,609] {taskinstance.py:1591} INFO - Exporting the following env vars:
AIRFLOW_CTX_DAG_OWNER=***
AIRFLOW_CTX_DAG_ID=user_processing
AIRFLOW_CTX_TASK_ID=store_user
AIRFLOW_CTX_EXECUTION_DATE=2022-07-13T00:55:11.357468+00:00
AIRFLOW_CTX_TRY_NUMBER=1
AIRFLOW_CTX_DAG_RUN_ID=manual__2022-07-13T00:55:11.357468+00:00
[2022-07-13 00:55:23,610] {postgres.py:127} INFO - Running copy expert: COPY users FROM stdin WITH DELIMITER as ',', filename: /tmp/processed_user.csv
[2022-07-13 00:55:23,627] {base.py:68} INFO - Using connection ID 'postgres' for task execution.
[2022-07-13 00:55:23,643] {python.py:173} INFO - Done. Returned value was: None
[2022-07-13 00:55:23,663] {taskinstance.py:1420} INFO - Marking task as SUCCESS. dag_id=user_processing, task_id=store_user, execution_date=20220713T005511, start_date=20220713T005523, end_date=20220713T005523
[2022-07-13 00:55:23,711] {local_task_job.py:156} INFO - Task exited with return code 0
[2022-07-13 00:55:23,755] {local_task_job.py:273} INFO - 0 downstream tasks scheduled from follow-on schedule check
