[2022-07-14 00:00:05,106] {taskinstance.py:1179} INFO - Dependencies all met for <TaskInstance: user_processing.extract_user scheduled__2022-07-13T00:00:00+00:00 [queued]>
[2022-07-14 00:00:05,122] {taskinstance.py:1179} INFO - Dependencies all met for <TaskInstance: user_processing.extract_user scheduled__2022-07-13T00:00:00+00:00 [queued]>
[2022-07-14 00:00:05,122] {taskinstance.py:1376} INFO - 
--------------------------------------------------------------------------------
[2022-07-14 00:00:05,122] {taskinstance.py:1377} INFO - Starting attempt 1 of 1
[2022-07-14 00:00:05,122] {taskinstance.py:1378} INFO - 
--------------------------------------------------------------------------------
[2022-07-14 00:00:05,141] {taskinstance.py:1397} INFO - Executing <Task(SimpleHttpOperator): extract_user> on 2022-07-13 00:00:00+00:00
[2022-07-14 00:00:05,184] {standard_task_runner.py:52} INFO - Started process 19174 to run task
[2022-07-14 00:00:05,190] {standard_task_runner.py:79} INFO - Running: ['***', 'tasks', 'run', 'user_processing', 'extract_user', 'scheduled__2022-07-13T00:00:00+00:00', '--job-id', '28', '--raw', '--subdir', 'DAGS_FOLDER/user_processing.py', '--cfg-path', '/tmp/tmp9v0y3sry', '--error-file', '/tmp/tmpierk78j4']
[2022-07-14 00:00:05,191] {standard_task_runner.py:80} INFO - Job 28: Subtask extract_user
[2022-07-14 00:00:05,321] {task_command.py:371} INFO - Running <TaskInstance: user_processing.extract_user scheduled__2022-07-13T00:00:00+00:00 [running]> on host b0c7b58a654d
[2022-07-14 00:00:05,444] {taskinstance.py:1591} INFO - Exporting the following env vars:
AIRFLOW_CTX_DAG_OWNER=***
AIRFLOW_CTX_DAG_ID=user_processing
AIRFLOW_CTX_TASK_ID=extract_user
AIRFLOW_CTX_EXECUTION_DATE=2022-07-13T00:00:00+00:00
AIRFLOW_CTX_TRY_NUMBER=1
AIRFLOW_CTX_DAG_RUN_ID=scheduled__2022-07-13T00:00:00+00:00
[2022-07-14 00:00:05,445] {http.py:102} INFO - Calling HTTP method
[2022-07-14 00:00:05,461] {base.py:68} INFO - Using connection ID 'user_api' for task execution.
[2022-07-14 00:00:05,462] {http.py:129} INFO - Sending 'GET' to url: https://randomuser.me/api/
[2022-07-14 00:00:06,085] {http.py:106} INFO - {"results":[{"gender":"female","name":{"title":"Ms","first":"Afet","last":"Çetin"},"location":{"street":{"number":564,"name":"Mevlana Cd"},"city":"Amasya","state":"Afyonkarahisar","country":"Turkey","postcode":57083,"coordinates":{"latitude":"69.2720","longitude":"138.8865"},"timezone":{"offset":"-12:00","description":"Eniwetok, Kwajalein"}},"email":"afet.cetin@example.com","login":{"uuid":"0ed00e00-831b-4bbd-a31a-d978b15c048e","username":"redsnake626","password":"amateurs","salt":"lhUSQ2ko","md5":"3a239838f83849f9b4d9e778f3263834","sha1":"f0ff4d91d023aadc6ba2c75fb28a2c5fa4b0fe86","sha256":"40dae48ea3078c12c15324691dbe8820d39dc9d73bfd2e5f6ec82940af31c3fa"},"dob":{"date":"1970-04-03T10:36:41.205Z","age":52},"registered":{"date":"2012-08-19T17:38:40.320Z","age":9},"phone":"(037)-025-9042","cell":"(361)-132-5918","id":{"name":"","value":null},"picture":{"large":"https://randomuser.me/api/portraits/women/69.jpg","medium":"https://randomuser.me/api/portraits/med/women/69.jpg","thumbnail":"https://randomuser.me/api/portraits/thumb/women/69.jpg"},"nat":"TR"}],"info":{"seed":"28d0ce2cfe9b7e12","results":1,"page":1,"version":"1.4"}}
[2022-07-14 00:00:06,121] {taskinstance.py:1420} INFO - Marking task as SUCCESS. dag_id=user_processing, task_id=extract_user, execution_date=20220713T000000, start_date=20220714T000005, end_date=20220714T000006
[2022-07-14 00:00:06,170] {local_task_job.py:156} INFO - Task exited with return code 0
[2022-07-14 00:00:06,229] {local_task_job.py:273} INFO - 1 downstream tasks scheduled from follow-on schedule check
