[2022-07-13 00:51:00,850] {taskinstance.py:1179} INFO - Dependencies all met for <TaskInstance: user_processing.create_table manual__2022-07-13T00:50:59.220129+00:00 [queued]>
[2022-07-13 00:51:00,872] {taskinstance.py:1179} INFO - Dependencies all met for <TaskInstance: user_processing.create_table manual__2022-07-13T00:50:59.220129+00:00 [queued]>
[2022-07-13 00:51:00,872] {taskinstance.py:1376} INFO - 
--------------------------------------------------------------------------------
[2022-07-13 00:51:00,873] {taskinstance.py:1377} INFO - Starting attempt 1 of 1
[2022-07-13 00:51:00,873] {taskinstance.py:1378} INFO - 
--------------------------------------------------------------------------------
[2022-07-13 00:51:00,906] {taskinstance.py:1397} INFO - Executing <Task(PostgresOperator): create_table> on 2022-07-13 00:50:59.220129+00:00
[2022-07-13 00:51:00,913] {standard_task_runner.py:52} INFO - Started process 10794 to run task
[2022-07-13 00:51:00,931] {standard_task_runner.py:79} INFO - Running: ['***', 'tasks', 'run', 'user_processing', 'create_table', 'manual__2022-07-13T00:50:59.220129+00:00', '--job-id', '10', '--raw', '--subdir', 'DAGS_FOLDER/user_processing.py', '--cfg-path', '/tmp/tmpos6ck87a', '--error-file', '/tmp/tmpgez6jb2y']
[2022-07-13 00:51:00,945] {standard_task_runner.py:80} INFO - Job 10: Subtask create_table
[2022-07-13 00:51:01,169] {task_command.py:371} INFO - Running <TaskInstance: user_processing.create_table manual__2022-07-13T00:50:59.220129+00:00 [running]> on host b0c7b58a654d
[2022-07-13 00:51:01,338] {taskinstance.py:1591} INFO - Exporting the following env vars:
AIRFLOW_CTX_DAG_OWNER=***
AIRFLOW_CTX_DAG_ID=user_processing
AIRFLOW_CTX_TASK_ID=create_table
AIRFLOW_CTX_EXECUTION_DATE=2022-07-13T00:50:59.220129+00:00
AIRFLOW_CTX_TRY_NUMBER=1
AIRFLOW_CTX_DAG_RUN_ID=manual__2022-07-13T00:50:59.220129+00:00
[2022-07-13 00:51:01,358] {base.py:68} INFO - Using connection ID 'postgres' for task execution.
[2022-07-13 00:51:01,363] {dbapi.py:231} INFO - Running statement: 
            CREATE TABLE IF NOT EXISTS users (
                firstname TEXT NOT NULL,
                lastname TEXT NOT NULL,
                country TEXT NOT NULL,
                username TEXT NOT NULL,
                password TEXT NOT NULL,
                email TEXT NOT NULL
            );
            , parameters: None
[2022-07-13 00:51:01,365] {postgres.py:94} INFO - NOTICE:  relation "users" already exists, skipping

[2022-07-13 00:51:01,385] {taskinstance.py:1420} INFO - Marking task as SUCCESS. dag_id=user_processing, task_id=create_table, execution_date=20220713T005059, start_date=20220713T005100, end_date=20220713T005101
[2022-07-13 00:51:01,450] {local_task_job.py:156} INFO - Task exited with return code 0
[2022-07-13 00:51:01,520] {local_task_job.py:273} INFO - 1 downstream tasks scheduled from follow-on schedule check
